2026/04/08 19:51:06 Database migrations completed successfully
[GIN-debug] [WARNING] Creating an Engine instance with the Logger and Recovery middleware already attached.

[GIN-debug] [WARNING] Running in "debug" mode. Switch to "release" mode in production.
 - using env:	export GIN_MODE=release
 - using code:	gin.SetMode(gin.ReleaseMode)

2026/04/08 19:51:06 Background workers starting...
2026/04/08 19:51:06 Background workers ticker started
[GIN-debug] GET    /static/*filepath         --> github.com/gin-gonic/gin.(*RouterGroup).createStaticHandler.func1 (3 handlers)
[GIN-debug] HEAD   /static/*filepath         --> github.com/gin-gonic/gin.(*RouterGroup).createStaticHandler.func1 (3 handlers)
[GIN-debug] GET    /health                   --> github.com/tans/miao/internal/router.SetupRouter.func1 (4 handlers)
[GIN-debug] GET    /                         --> github.com/tans/miao/internal/router.SetupRouter.func2 (4 handlers)
[GIN-debug] GET    /tasks.html               --> github.com/tans/miao/internal/router.SetupRouter.func3 (4 handlers)
[GIN-debug] GET    /auth/login.html          --> github.com/tans/miao/internal/router.SetupRouter.func4 (4 handlers)
[GIN-debug] GET    /auth/register.html       --> github.com/tans/miao/internal/router.SetupRouter.func5 (4 handlers)
[GIN-debug] GET    /business/dashboard.html  --> github.com/tans/miao/internal/router.SetupRouter.SetupRouter.func6.func10 (4 handlers)
[GIN-debug] GET    /business/task_create.html --> github.com/tans/miao/internal/router.SetupRouter.SetupRouter.func6.func10 (4 handlers)
[GIN-debug] GET    /business/task_list.html  --> github.com/tans/miao/internal/router.SetupRouter.SetupRouter.func6.func10 (4 handlers)
[GIN-debug] GET    /business/task_detail.html --> github.com/tans/miao/internal/router.SetupRouter.SetupRouter.func6.func10 (4 handlers)
[GIN-debug] GET    /business/claim_review.html --> github.com/tans/miao/internal/router.SetupRouter.SetupRouter.func6.func10 (4 handlers)
[GIN-debug] GET    /business/recharge.html   --> github.com/tans/miao/internal/router.SetupRouter.SetupRouter.func6.func10 (4 handlers)
[GIN-debug] GET    /business/transactions.html --> github.com/tans/miao/internal/router.SetupRouter.SetupRouter.func6.func10 (4 handlers)
[GIN-debug] GET    /business/appeal.html     --> github.com/tans/miao/internal/router.SetupRouter.SetupRouter.func6.func10 (4 handlers)
[GIN-debug] GET    /business/appeal_list.html --> github.com/tans/miao/internal/router.SetupRouter.SetupRouter.func6.func10 (4 handlers)
[GIN-debug] GET    /creator/dashboard.html   --> github.com/tans/miao/internal/router.SetupRouter.SetupRouter.func7.func11 (4 handlers)
[GIN-debug] GET    /creator/task_hall.html   --> github.com/tans/miao/internal/router.SetupRouter.SetupRouter.func7.func11 (4 handlers)
[GIN-debug] GET    /creator/task_detail.html --> github.com/tans/miao/internal/router.SetupRouter.SetupRouter.func7.func11 (4 handlers)
[GIN-debug] GET    /creator/claim_list.html  --> github.com/tans/miao/internal/router.SetupRouter.SetupRouter.func7.func11 (4 handlers)
[GIN-debug] GET    /creator/my_submissions.html --> github.com/tans/miao/internal/router.SetupRouter.SetupRouter.func7.func11 (4 handlers)
[GIN-debug] GET    /creator/delivery.html    --> github.com/tans/miao/internal/router.SetupRouter.SetupRouter.func7.func11 (4 handlers)
[GIN-debug] GET    /creator/wallet.html      --> github.com/tans/miao/internal/router.SetupRouter.SetupRouter.func7.func11 (4 handlers)
[GIN-debug] GET    /creator/transactions.html --> github.com/tans/miao/internal/router.SetupRouter.SetupRouter.func7.func11 (4 handlers)
[GIN-debug] GET    /creator/appeal.html      --> github.com/tans/miao/internal/router.SetupRouter.SetupRouter.func7.func11 (4 handlers)
[GIN-debug] GET    /creator/appeal_list.html --> github.com/tans/miao/internal/router.SetupRouter.SetupRouter.func7.func11 (4 handlers)
[GIN-debug] GET    /admin/dashboard.html     --> github.com/tans/miao/internal/router.SetupRouter.SetupRouter.func8.func12 (4 handlers)
[GIN-debug] GET    /admin/user_list.html     --> github.com/tans/miao/internal/router.SetupRouter.SetupRouter.func8.func12 (4 handlers)
[GIN-debug] GET    /admin/task_list.html     --> github.com/tans/miao/internal/router.SetupRouter.SetupRouter.func8.func12 (4 handlers)
[GIN-debug] GET    /admin/task_review.html   --> github.com/tans/miao/internal/router.SetupRouter.SetupRouter.func8.func12 (4 handlers)
[GIN-debug] GET    /admin/appeal_list.html   --> github.com/tans/miao/internal/router.SetupRouter.SetupRouter.func8.func12 (4 handlers)
[GIN-debug] POST   /api/v1/auth/register     --> github.com/tans/miao/internal/handler.Register (4 handlers)
[GIN-debug] POST   /api/v1/auth/login        --> github.com/tans/miao/internal/handler.Login (4 handlers)
[GIN-debug] GET    /api/v1/tasks             --> github.com/tans/miao/internal/handler.ListAvailableTasks (4 handlers)
[GIN-debug] POST   /api/v1/upload            --> github.com/tans/miao/internal/handler.UploadFile (5 handlers)
[GIN-debug] GET    /api/v1/users/me          --> github.com/tans/miao/internal/handler.GetCurrentUser (5 handlers)
[GIN-debug] PUT    /api/v1/users/me          --> github.com/tans/miao/internal/handler.UpdateProfile (5 handlers)
[GIN-debug] GET    /api/v1/users/credits     --> github.com/tans/miao/internal/handler.GetUserCredits (5 handlers)
[GIN-debug] GET    /api/v1/user/profile      --> github.com/tans/miao/internal/handler.GetUserProfile (5 handlers)
[GIN-debug] PUT    /api/v1/user/profile      --> github.com/tans/miao/internal/handler.UpdateUserProfile (5 handlers)
[GIN-debug] PUT    /api/v1/user/password     --> github.com/tans/miao/internal/handler.ChangePassword (5 handlers)
[GIN-debug] GET    /api/v1/messages          --> github.com/tans/miao/internal/handler.GetMessages (5 handlers)
[GIN-debug] GET    /api/v1/messages/unread-count --> github.com/tans/miao/internal/handler.GetUnreadCount (5 handlers)
[GIN-debug] POST   /api/v1/messages/:id/read --> github.com/tans/miao/internal/handler.MarkMessageAsRead (5 handlers)
[GIN-debug] POST   /api/v1/messages/read-all --> github.com/tans/miao/internal/handler.MarkAllAsRead (5 handlers)
[GIN-debug] DELETE /api/v1/messages/:id      --> github.com/tans/miao/internal/handler.DeleteMessage (5 handlers)
[GIN-debug] GET    /api/v1/creator/tasks     --> github.com/tans/miao/internal/handler.ListAvailableTasks (6 handlers)
[GIN-debug] POST   /api/v1/creator/claim     --> github.com/tans/miao/internal/handler.ClaimTask (6 handlers)
[GIN-debug] GET    /api/v1/creator/claims    --> github.com/tans/miao/internal/handler.ListMyClaims (6 handlers)
[GIN-debug] PUT    /api/v1/creator/claim/:id/submit --> github.com/tans/miao/internal/handler.SubmitClaim (6 handlers)
[GIN-debug] GET    /api/v1/creator/wallet    --> github.com/tans/miao/internal/handler.GetWallet (6 handlers)
[GIN-debug] GET    /api/v1/creator/transactions --> github.com/tans/miao/internal/handler.GetTransactions (6 handlers)
[GIN-debug] GET    /api/v1/creator/stats     --> github.com/tans/miao/internal/handler.GetCreatorStats (6 handlers)
[GIN-debug] GET    /api/v1/creator/chart/income --> github.com/tans/miao/internal/handler.GetCreatorIncomeChart (6 handlers)
[GIN-debug] POST   /api/v1/business/tasks    --> github.com/tans/miao/internal/handler.CreateTask (6 handlers)
[GIN-debug] DELETE /api/v1/business/tasks/:id --> github.com/tans/miao/internal/handler.CancelTask (6 handlers)
[GIN-debug] GET    /api/v1/business/tasks    --> github.com/tans/miao/internal/handler.ListMyTasks (6 handlers)
[GIN-debug] GET    /api/v1/business/tasks/:id/claims --> github.com/tans/miao/internal/handler.GetTaskClaims (6 handlers)
[GIN-debug] GET    /api/v1/business/claims   --> github.com/tans/miao/internal/handler.GetAllClaims (6 handlers)
[GIN-debug] GET    /api/v1/business/claim/:id --> github.com/tans/miao/internal/handler.GetClaim (6 handlers)
[GIN-debug] PUT    /api/v1/business/claim/:id/review --> github.com/tans/miao/internal/handler.ReviewClaim (6 handlers)
[GIN-debug] GET    /api/v1/business/balance  --> github.com/tans/miao/internal/handler.GetBalance (6 handlers)
[GIN-debug] POST   /api/v1/business/recharge --> github.com/tans/miao/internal/handler.Recharge (6 handlers)
[GIN-debug] GET    /api/v1/business/transactions --> github.com/tans/miao/internal/handler.GetTransactions (6 handlers)
[GIN-debug] GET    /api/v1/business/stats    --> github.com/tans/miao/internal/handler.GetBusinessStats (6 handlers)
[GIN-debug] GET    /api/v1/business/chart/expense --> github.com/tans/miao/internal/handler.GetBusinessExpenseChart (6 handlers)
[GIN-debug] POST   /api/v1/appeals           --> github.com/tans/miao/internal/handler.CreateAppeal (5 handlers)
[GIN-debug] GET    /api/v1/appeals           --> github.com/tans/miao/internal/handler.ListAppeals (5 handlers)
[GIN-debug] GET    /api/v1/appeals/:id       --> github.com/tans/miao/internal/handler.GetAppeal (5 handlers)
[GIN-debug] GET    /api/v1/admin/dashboard   --> github.com/tans/miao/internal/handler.GetDashboard (6 handlers)
[GIN-debug] GET    /api/v1/admin/users       --> github.com/tans/miao/internal/handler.ListUsers (6 handlers)
[GIN-debug] PUT    /api/v1/admin/users/:id/status --> github.com/tans/miao/internal/handler.UpdateUserStatus (6 handlers)
[GIN-debug] PUT    /api/v1/admin/users/:id/credit --> github.com/tans/miao/internal/handler.UpdateUserCredit (6 handlers)
[GIN-debug] GET    /api/v1/admin/tasks       --> github.com/tans/miao/internal/handler.ListTasksAdmin (6 handlers)
[GIN-debug] PUT    /api/v1/admin/task/:id/review --> github.com/tans/miao/internal/handler.ReviewTask (6 handlers)
[GIN-debug] GET    /api/v1/admin/claims      --> github.com/tans/miao/internal/handler.ListClaimsAdmin (6 handlers)
[GIN-debug] GET    /api/v1/admin/appeals     --> github.com/tans/miao/internal/handler.ListAppealsAdmin (6 handlers)
[GIN-debug] GET    /api/v1/admin/appeals/:id --> github.com/tans/miao/internal/handler.GetAppealAdmin (6 handlers)
[GIN-debug] PUT    /api/v1/admin/appeals/:id/handle --> github.com/tans/miao/internal/handler.HandleAppeal (6 handlers)
2026/04/08 19:51:06 Server starting on port 8888
[GIN] 2026/04/08 - 19:51:23 | 200 |     17.5515ms |             ::1 | GET      "/auth/register.html"
[GIN] 2026/04/08 - 19:51:23 | 200 |   12.039375ms |             ::1 | GET      "/static/js/components.js"
[GIN] 2026/04/08 - 19:51:23 | 200 |   12.856542ms |             ::1 | GET      "/static/js/validation.js"
[GIN] 2026/04/08 - 19:51:23 | 404 |      12.084µs |             ::1 | GET      "/favicon.ico"
[GIN] 2026/04/08 - 19:51:28 | 200 |  101.261291ms |             ::1 | POST     "/api/v1/auth/register"
[GIN] 2026/04/08 - 19:51:29 | 200 |    1.687625ms |             ::1 | GET      "/auth/login.html"
[GIN] 2026/04/08 - 19:51:29 | 200 |    1.343083ms |             ::1 | GET      "/static/js/role-switcher.js"
[GIN] 2026/04/08 - 19:51:31 | 200 |      98.834µs |             ::1 | GET      "/auth/login.html"
[GIN] 2026/04/08 - 19:51:34 | 200 |   78.847584ms |             ::1 | POST     "/api/v1/auth/login"
[GIN] 2026/04/08 - 19:51:35 | 200 |     781.709µs |             ::1 | GET      "/business/dashboard.html"
[GIN] 2026/04/08 - 19:51:35 | 200 |     447.709µs |             ::1 | GET      "/static/css/custom.css"
[GIN] 2026/04/08 - 19:51:35 | 200 |     335.625µs |             ::1 | GET      "/static/js/navbar.js"
[GIN] 2026/04/08 - 19:51:40 | 200 |    6.170167ms |             ::1 | GET      "/auth/register.html"
[GIN] 2026/04/08 - 19:51:40 | 200 |     652.042µs |             ::1 | GET      "/static/js/components.js"
[GIN] 2026/04/08 - 19:51:40 | 200 |    2.310375ms |             ::1 | GET      "/static/js/validation.js"
[GIN] 2026/04/08 - 19:51:41 | 404 |      54.792µs |             ::1 | GET      "/favicon.ico"
[GIN] 2026/04/08 - 19:51:44 | 200 |   89.080417ms |             ::1 | POST     "/api/v1/auth/register"
[GIN] 2026/04/08 - 19:51:45 | 200 |      121.25µs |             ::1 | GET      "/auth/login.html"
[GIN] 2026/04/08 - 19:51:45 | 200 |     398.416µs |             ::1 | GET      "/static/js/role-switcher.js"
[GIN] 2026/04/08 - 19:51:48 | 200 |      63.834µs |             ::1 | GET      "/auth/login.html"
[GIN] 2026/04/08 - 19:51:51 | 200 |   82.359958ms |             ::1 | POST     "/api/v1/auth/login"
[GIN] 2026/04/08 - 19:51:51 | 200 |      82.208µs |             ::1 | GET      "/business/dashboard.html"
[GIN] 2026/04/08 - 19:51:51 | 200 |     469.959µs |             ::1 | GET      "/static/css/custom.css"
[GIN] 2026/04/08 - 19:51:51 | 200 |    1.177917ms |             ::1 | GET      "/static/js/navbar.js"
[GIN] 2026/04/08 - 19:51:57 | 200 |    2.833875ms |             ::1 | GET      "/auth/register.html"
[GIN] 2026/04/08 - 19:51:57 | 200 |     727.042µs |             ::1 | GET      "/static/js/components.js"
[GIN] 2026/04/08 - 19:51:57 | 200 |     536.042µs |             ::1 | GET      "/static/js/validation.js"
[GIN] 2026/04/08 - 19:51:57 | 404 |           5µs |             ::1 | GET      "/favicon.ico"
[GIN] 2026/04/08 - 19:52:00 | 200 |   85.393042ms |             ::1 | POST     "/api/v1/auth/register"
[GIN] 2026/04/08 - 19:52:01 | 200 |      115.75µs |             ::1 | GET      "/auth/login.html"
[GIN] 2026/04/08 - 19:52:01 | 200 |     521.833µs |             ::1 | GET      "/static/js/role-switcher.js"
[GIN] 2026/04/08 - 19:52:04 | 200 |      31.791µs |             ::1 | GET      "/auth/login.html"
2026/04/08 19:52:06 Background workers: running checks...
[GIN] 2026/04/08 - 19:52:07 | 200 |  105.013208ms |             ::1 | POST     "/api/v1/auth/login"
[GIN] 2026/04/08 - 19:52:07 | 200 |      79.917µs |             ::1 | GET      "/business/dashboard.html"
[GIN] 2026/04/08 - 19:52:07 | 200 |    1.110125ms |             ::1 | GET      "/static/css/custom.css"
[GIN] 2026/04/08 - 19:52:07 | 200 |     997.917µs |             ::1 | GET      "/static/js/navbar.js"
[GIN] 2026/04/08 - 19:52:10 | 404 |      15.958µs |             ::1 | GET      "/business/tasks"
[GIN] 2026/04/08 - 19:52:19 | 200 |   10.265125ms |             ::1 | GET      "/auth/register.html"
[GIN] 2026/04/08 - 19:52:19 | 200 |    3.236083ms |             ::1 | GET      "/static/js/components.js"
[GIN] 2026/04/08 - 19:52:19 | 200 |       2.674ms |             ::1 | GET      "/static/js/validation.js"
[GIN] 2026/04/08 - 19:52:19 | 404 |       3.917µs |             ::1 | GET      "/favicon.ico"
[GIN] 2026/04/08 - 19:52:23 | 200 |   94.458375ms |             ::1 | POST     "/api/v1/auth/register"
[GIN] 2026/04/08 - 19:52:24 | 200 |     482.583µs |             ::1 | GET      "/auth/login.html"
[GIN] 2026/04/08 - 19:52:24 | 200 |    1.980417ms |             ::1 | GET      "/static/js/role-switcher.js"
[GIN] 2026/04/08 - 19:52:26 | 200 |      35.083µs |             ::1 | GET      "/auth/login.html"
[GIN] 2026/04/08 - 19:52:29 | 200 |   75.704875ms |             ::1 | POST     "/api/v1/auth/login"
[GIN] 2026/04/08 - 19:52:30 | 200 |      65.625µs |             ::1 | GET      "/business/dashboard.html"
[GIN] 2026/04/08 - 19:52:30 | 200 |     684.833µs |             ::1 | GET      "/static/css/custom.css"
[GIN] 2026/04/08 - 19:52:30 | 200 |      603.25µs |             ::1 | GET      "/static/js/navbar.js"
[GIN] 2026/04/08 - 19:52:36 | 200 |    5.766292ms |             ::1 | GET      "/auth/register.html"
[GIN] 2026/04/08 - 19:52:36 | 200 |     758.833µs |             ::1 | GET      "/static/js/components.js"
[GIN] 2026/04/08 - 19:52:36 | 200 |    1.357667ms |             ::1 | GET      "/static/js/validation.js"
[GIN] 2026/04/08 - 19:52:36 | 404 |       2.667µs |             ::1 | GET      "/favicon.ico"
[GIN] 2026/04/08 - 19:52:40 | 200 |   77.941375ms |             ::1 | POST     "/api/v1/auth/register"
[GIN] 2026/04/08 - 19:52:41 | 200 |      143.75µs |             ::1 | GET      "/auth/login.html"
[GIN] 2026/04/08 - 19:52:41 | 200 |     477.666µs |             ::1 | GET      "/static/js/role-switcher.js"
[GIN] 2026/04/08 - 19:52:42 | 401 |    1.663541ms |             ::1 | GET      "/api/v1/creator/tasks?page=1&limit=20"
[GIN] 2026/04/08 - 19:52:42 | 401 |      45.917µs |             ::1 | GET      "/api/v1/creator/tasks?page=1&limit=20&category=1"
[GIN] 2026/04/08 - 19:52:42 | 401 |      30.458µs |             ::1 | GET      "/api/v1/creator/tasks?page=1&limit=20&category=2"
[GIN] 2026/04/08 - 19:52:42 | 401 |      72.291µs |             ::1 | GET      "/api/v1/creator/tasks?page=1&limit=20&category=3"
[GIN] 2026/04/08 - 19:52:42 | 401 |      23.875µs |             ::1 | GET      "/api/v1/creator/tasks?page=1&limit=20&sort=latest"
[GIN] 2026/04/08 - 19:52:43 | 401 |      21.959µs |             ::1 | GET      "/api/v1/creator/tasks?page=1&limit=20&sort=price_desc"
[GIN] 2026/04/08 - 19:52:43 | 401 |       83.25µs |             ::1 | GET      "/api/v1/creator/tasks?page=1&limit=20&sort=price_asc"
[GIN] 2026/04/08 - 19:52:43 | 401 |      22.208µs |             ::1 | GET      "/api/v1/creator/tasks?page=1&limit=20&sort=deadline_asc"
[GIN] 2026/04/08 - 19:52:43 | 401 |      21.875µs |             ::1 | GET      "/api/v1/creator/tasks?page=1&limit=20&keyword=设计"
[GIN] 2026/04/08 - 19:52:43 | 401 |      21.666µs |             ::1 | GET      "/api/v1/creator/tasks?page=1&limit=20&keyword=文案"
[GIN] 2026/04/08 - 19:52:43 | 401 |          23µs |             ::1 | GET      "/api/v1/creator/tasks?page=1&limit=20&category=2&sort=price_desc"
[GIN] 2026/04/08 - 19:52:43 | 401 |      22.292µs |             ::1 | GET      "/api/v1/creator/tasks?page=1&limit=20&keyword=设计&sort=price_asc"
[GIN] 2026/04/08 - 19:52:43 | 401 |          25µs |             ::1 | GET      "/api/v1/creator/tasks?page=1&limit=20&category=2&keyword=创意&sort=latest"
[GIN] 2026/04/08 - 19:52:43 | 401 |      22.375µs |             ::1 | GET      "/api/v1/creator/tasks?page=1&limit=10"
[GIN] 2026/04/08 - 19:52:43 | 401 |      21.417µs |             ::1 | GET      "/api/v1/creator/tasks?page=2&limit=10"
[GIN] 2026/04/08 - 19:52:43 | 401 |      22.958µs |             ::1 | GET      "/api/v1/creator/tasks?page=1&limit=20&category=999"
[GIN] 2026/04/08 - 19:52:43 | 401 |       31.25µs |             ::1 | GET      "/api/v1/creator/tasks?page=1&limit=20&keyword="
[GIN] 2026/04/08 - 19:52:43 | 401 |      24.917µs |             ::1 | GET      "/api/v1/creator/tasks?page=1&limit=1000"
[GIN] 2026/04/08 - 19:52:43 | 200 |          59µs |             ::1 | GET      "/auth/login.html"
[GIN] 2026/04/08 - 19:52:46 | 200 |   84.334042ms |             ::1 | POST     "/api/v1/auth/login"
[GIN] 2026/04/08 - 19:52:47 | 200 |      998.75µs |             ::1 | GET      "/business/dashboard.html"
[GIN] 2026/04/08 - 19:52:47 | 200 |     422.042µs |             ::1 | GET      "/static/css/custom.css"
[GIN] 2026/04/08 - 19:52:47 | 200 |     6.47775ms |             ::1 | GET      "/static/js/navbar.js"
[GIN] 2026/04/08 - 19:52:50 | 404 |        11.5µs |             ::1 | GET      "/business/review"
[GIN] 2026/04/08 - 19:52:55 | 200 |      6.7175ms |             ::1 | GET      "/auth/register.html"
[GIN] 2026/04/08 - 19:52:55 | 200 |     2.31275ms |             ::1 | GET      "/static/js/components.js"
[GIN] 2026/04/08 - 19:52:55 | 200 |    2.095583ms |             ::1 | GET      "/static/js/validation.js"
[GIN] 2026/04/08 - 19:52:55 | 404 |       8.125µs |             ::1 | GET      "/favicon.ico"
[GIN] 2026/04/08 - 19:52:59 | 200 |   88.314458ms |             ::1 | POST     "/api/v1/auth/register"
[GIN] 2026/04/08 - 19:53:00 | 200 |     129.125µs |             ::1 | GET      "/auth/login.html"
[GIN] 2026/04/08 - 19:53:00 | 200 |     588.084µs |             ::1 | GET      "/static/js/role-switcher.js"
[GIN] 2026/04/08 - 19:53:02 | 200 |      60.042µs |             ::1 | GET      "/auth/login.html"
[GIN] 2026/04/08 - 19:53:06 | 200 |   77.560167ms |             ::1 | POST     "/api/v1/auth/login"
[GIN] 2026/04/08 - 19:53:06 | 200 |      65.666µs |             ::1 | GET      "/business/dashboard.html"
2026/04/08 19:53:06 Background workers: running checks...
[GIN] 2026/04/08 - 19:53:06 | 200 |     584.417µs |             ::1 | GET      "/static/css/custom.css"
[GIN] 2026/04/08 - 19:53:06 | 200 |       622.5µs |             ::1 | GET      "/static/js/navbar.js"
[GIN] 2026/04/08 - 19:53:12 | 200 |   10.478584ms |             ::1 | GET      "/auth/register.html"
[GIN] 2026/04/08 - 19:53:12 | 200 |    4.871166ms |             ::1 | GET      "/static/js/components.js"
[GIN] 2026/04/08 - 19:53:12 | 200 |    2.692875ms |             ::1 | GET      "/static/js/validation.js"
[GIN] 2026/04/08 - 19:53:13 | 404 |       3.959µs |             ::1 | GET      "/favicon.ico"
[GIN] 2026/04/08 - 19:53:16 | 200 |   96.402208ms |             ::1 | POST     "/api/v1/auth/register"
[GIN] 2026/04/08 - 19:53:17 | 200 |    7.640667ms |             ::1 | GET      "/auth/login.html"
[GIN] 2026/04/08 - 19:53:17 | 200 |    1.743667ms |             ::1 | GET      "/static/js/role-switcher.js"
[GIN] 2026/04/08 - 19:53:20 | 200 |     248.625µs |             ::1 | GET      "/auth/login.html"
[GIN] 2026/04/08 - 19:53:23 | 200 |   76.240875ms |             ::1 | POST     "/api/v1/auth/login"
[GIN] 2026/04/08 - 19:53:24 | 200 |     579.333µs |             ::1 | GET      "/business/dashboard.html"
[GIN] 2026/04/08 - 19:53:24 | 200 |    3.346292ms |             ::1 | GET      "/static/css/custom.css"
[GIN] 2026/04/08 - 19:53:24 | 200 |   12.892875ms |             ::1 | GET      "/static/js/navbar.js"
[GIN] 2026/04/08 - 19:53:30 | 200 |    9.507792ms |             ::1 | GET      "/auth/register.html"
[GIN] 2026/04/08 - 19:53:30 | 200 |    3.015292ms |             ::1 | GET      "/static/js/components.js"
[GIN] 2026/04/08 - 19:53:30 | 200 |    2.985333ms |             ::1 | GET      "/static/js/validation.js"
[GIN] 2026/04/08 - 19:53:31 | 404 |       2.708µs |             ::1 | GET      "/favicon.ico"
[GIN] 2026/04/08 - 19:53:34 | 200 |   96.542458ms |             ::1 | POST     "/api/v1/auth/register"
[GIN] 2026/04/08 - 19:53:35 | 200 |       1.078ms |             ::1 | GET      "/auth/login.html"
[GIN] 2026/04/08 - 19:53:35 | 200 |    2.170125ms |             ::1 | GET      "/static/js/role-switcher.js"
[GIN] 2026/04/08 - 19:53:38 | 200 |     172.958µs |             ::1 | GET      "/auth/login.html"
[GIN] 2026/04/08 - 19:53:41 | 200 |   92.293167ms |             ::1 | POST     "/api/v1/auth/login"
[GIN] 2026/04/08 - 19:53:42 | 200 |     103.084µs |             ::1 | GET      "/business/dashboard.html"
[GIN] 2026/04/08 - 19:53:42 | 200 |     605.125µs |             ::1 | GET      "/static/css/custom.css"
[GIN] 2026/04/08 - 19:53:42 | 200 |     438.417µs |             ::1 | GET      "/static/js/navbar.js"
[GIN] 2026/04/08 - 19:53:45 | 404 |       5.791µs |             ::1 | GET      "/creator/tasks"
[GIN] 2026/04/08 - 19:53:50 | 200 |    6.014916ms |             ::1 | GET      "/auth/register.html"
[GIN] 2026/04/08 - 19:53:50 | 200 |    2.000125ms |             ::1 | GET      "/static/js/components.js"
[GIN] 2026/04/08 - 19:53:50 | 200 |    3.656292ms |             ::1 | GET      "/static/js/validation.js"
[GIN] 2026/04/08 - 19:53:50 | 404 |       8.792µs |             ::1 | GET      "/favicon.ico"
[GIN] 2026/04/08 - 19:53:54 | 200 |   84.958042ms |             ::1 | POST     "/api/v1/auth/register"
[GIN] 2026/04/08 - 19:53:55 | 200 |     153.083µs |             ::1 | GET      "/auth/login.html"
[GIN] 2026/04/08 - 19:53:55 | 200 |     335.083µs |             ::1 | GET      "/static/js/role-switcher.js"
[GIN] 2026/04/08 - 19:53:57 | 200 |      63.208µs |             ::1 | GET      "/auth/login.html"
[GIN] 2026/04/08 - 19:54:00 | 200 |      77.755ms |             ::1 | POST     "/api/v1/auth/login"
[GIN] 2026/04/08 - 19:54:01 | 200 |      70.375µs |             ::1 | GET      "/business/dashboard.html"
[GIN] 2026/04/08 - 19:54:01 | 200 |     322.542µs |             ::1 | GET      "/static/css/custom.css"
[GIN] 2026/04/08 - 19:54:01 | 200 |    2.591625ms |             ::1 | GET      "/static/js/navbar.js"
2026/04/08 19:54:06 Background workers: running checks...
[GIN] 2026/04/08 - 19:54:07 | 401 |    1.912042ms |             ::1 | POST     "/api/v1/auth/login"
[GIN] 2026/04/08 - 19:54:07 | 200 |     278.375µs |             ::1 | GET      "/auth/register.html"
[GIN] 2026/04/08 - 19:54:07 | 200 |    1.409958ms |             ::1 | GET      "/static/js/components.js"
[GIN] 2026/04/08 - 19:54:07 | 200 |     700.042µs |             ::1 | GET      "/static/js/validation.js"
[GIN] 2026/04/08 - 19:54:08 | 404 |       3.583µs |             ::1 | GET      "/favicon.ico"
[GIN] 2026/04/08 - 19:54:11 | 200 |   74.269708ms |             ::1 | POST     "/api/v1/auth/register"
[GIN] 2026/04/08 - 19:54:12 | 200 |      88.167µs |             ::1 | GET      "/auth/login.html"
[GIN] 2026/04/08 - 19:54:12 | 200 |     297.708µs |             ::1 | GET      "/static/js/role-switcher.js"
[GIN] 2026/04/08 - 19:54:15 | 200 |   77.326167ms |             ::1 | POST     "/api/v1/auth/login"
[GIN] 2026/04/08 - 19:54:16 | 200 |      74.292µs |             ::1 | GET      "/business/dashboard.html"
[GIN] 2026/04/08 - 19:54:16 | 200 |     501.542µs |             ::1 | GET      "/static/css/custom.css"
[GIN] 2026/04/08 - 19:54:16 | 200 |     402.125µs |             ::1 | GET      "/static/js/navbar.js"
[GIN] 2026/04/08 - 19:54:23 | 200 |     169.709µs |             ::1 | GET      "/auth/register.html"
[GIN] 2026/04/08 - 19:54:23 | 200 |     559.125µs |             ::1 | GET      "/static/js/components.js"
[GIN] 2026/04/08 - 19:54:23 | 200 |     380.459µs |             ::1 | GET      "/static/js/validation.js"
[GIN] 2026/04/08 - 19:54:24 | 404 |       1.791µs |             ::1 | GET      "/favicon.ico"
[GIN] 2026/04/08 - 19:54:27 | 200 |   74.606291ms |             ::1 | POST     "/api/v1/auth/register"
[GIN] 2026/04/08 - 19:54:28 | 200 |      65.333µs |             ::1 | GET      "/auth/login.html"
[GIN] 2026/04/08 - 19:54:28 | 200 |     620.625µs |             ::1 | GET      "/static/js/role-switcher.js"
[GIN] 2026/04/08 - 19:54:30 | 200 |      77.458µs |             ::1 | GET      "/auth/login.html"
[GIN] 2026/04/08 - 19:54:33 | 200 |    75.03775ms |             ::1 | POST     "/api/v1/auth/login"
[GIN] 2026/04/08 - 19:54:34 | 200 |     105.041µs |             ::1 | GET      "/business/dashboard.html"
[GIN] 2026/04/08 - 19:54:34 | 200 |     597.333µs |             ::1 | GET      "/static/css/custom.css"
[GIN] 2026/04/08 - 19:54:34 | 200 |     420.542µs |             ::1 | GET      "/static/js/navbar.js"
[GIN] 2026/04/08 - 19:54:39 | 200 |    5.761125ms |             ::1 | GET      "/auth/register.html"
[GIN] 2026/04/08 - 19:54:39 | 200 |    1.431041ms |             ::1 | GET      "/static/js/validation.js"
[GIN] 2026/04/08 - 19:54:39 | 200 |    1.513375ms |             ::1 | GET      "/static/js/components.js"
[GIN] 2026/04/08 - 19:54:39 | 404 |       1.875µs |             ::1 | GET      "/favicon.ico"
[GIN] 2026/04/08 - 19:54:42 | 200 |   76.423833ms |             ::1 | POST     "/api/v1/auth/register"
[GIN] 2026/04/08 - 19:54:43 | 200 |     164.042µs |             ::1 | GET      "/auth/login.html"
[GIN] 2026/04/08 - 19:54:43 | 200 |     417.125µs |             ::1 | GET      "/static/js/role-switcher.js"
[GIN] 2026/04/08 - 19:54:45 | 200 |      65.042µs |             ::1 | GET      "/auth/login.html"
[GIN] 2026/04/08 - 19:54:47 | 200 |   73.812292ms |             ::1 | POST     "/api/v1/auth/login"
[GIN] 2026/04/08 - 19:54:48 | 200 |       62.25µs |             ::1 | GET      "/business/dashboard.html"
[GIN] 2026/04/08 - 19:54:48 | 200 |     484.375µs |             ::1 | GET      "/static/css/custom.css"
[GIN] 2026/04/08 - 19:54:48 | 200 |     543.667µs |             ::1 | GET      "/static/js/navbar.js"
[GIN] 2026/04/08 - 19:54:53 | 200 |    2.498042ms |             ::1 | GET      "/auth/register.html"
[GIN] 2026/04/08 - 19:54:53 | 200 |     1.30025ms |             ::1 | GET      "/static/js/components.js"
[GIN] 2026/04/08 - 19:54:53 | 200 |    1.120167ms |             ::1 | GET      "/static/js/validation.js"
[GIN] 2026/04/08 - 19:54:54 | 404 |         6.5µs |             ::1 | GET      "/favicon.ico"
[GIN] 2026/04/08 - 19:54:56 | 200 |   90.663875ms |             ::1 | POST     "/api/v1/auth/register"
[GIN] 2026/04/08 - 19:54:57 | 200 |    3.847291ms |             ::1 | GET      "/auth/login.html"
[GIN] 2026/04/08 - 19:54:57 | 200 |    1.639958ms |             ::1 | GET      "/static/js/role-switcher.js"
[GIN] 2026/04/08 - 19:55:00 | 200 |      97.958µs |             ::1 | GET      "/auth/login.html"
2026/04/08 19:55:06 Background workers: running checks...
[GIN] 2026/04/08 - 19:55:07 | 200 |    9.572875ms |             ::1 | GET      "/auth/login.html"
[GIN] 2026/04/08 - 19:55:07 | 200 |     2.54125ms |             ::1 | GET      "/static/js/components.js"
[GIN] 2026/04/08 - 19:55:07 | 200 |    2.064125ms |             ::1 | GET      "/static/js/validation.js"
[GIN] 2026/04/08 - 19:55:07 | 200 |       2.644ms |             ::1 | GET      "/static/js/role-switcher.js"
[GIN] 2026/04/08 - 19:55:08 | 404 |         5.5µs |             ::1 | GET      "/favicon.ico"
[GIN] 2026/04/08 - 19:55:19 | 200 |    11.18975ms |             ::1 | GET      "/auth/register.html"
[GIN] 2026/04/08 - 19:55:19 | 200 |    2.438375ms |             ::1 | GET      "/static/js/components.js"
[GIN] 2026/04/08 - 19:55:19 | 200 |    2.650458ms |             ::1 | GET      "/static/js/validation.js"
[GIN] 2026/04/08 - 19:55:19 | 404 |      10.042µs |             ::1 | GET      "/favicon.ico"
[GIN] 2026/04/08 - 19:55:22 | 200 |   87.335833ms |             ::1 | POST     "/api/v1/auth/register"
[GIN] 2026/04/08 - 19:55:23 | 200 |     628.833µs |             ::1 | GET      "/auth/login.html"
[GIN] 2026/04/08 - 19:55:23 | 200 |    1.869834ms |             ::1 | GET      "/static/js/role-switcher.js"
[GIN] 2026/04/08 - 19:55:26 | 200 |     106.959µs |             ::1 | GET      "/auth/login.html"
[GIN] 2026/04/08 - 19:55:28 | 401 |   74.329458ms |             ::1 | POST     "/api/v1/auth/login"
[GIN] 2026/04/08 - 19:55:31 | 401 |   70.855125ms |             ::1 | POST     "/api/v1/auth/login"
[GIN] 2026/04/08 - 19:55:33 | 200 |    9.900792ms |             ::1 | GET      "/auth/login.html"
[GIN] 2026/04/08 - 19:55:33 | 200 |     2.04775ms |             ::1 | GET      "/static/js/components.js"
[GIN] 2026/04/08 - 19:55:33 | 200 |      2.8725ms |             ::1 | GET      "/static/js/role-switcher.js"
[GIN] 2026/04/08 - 19:55:33 | 200 |    2.564833ms |             ::1 | GET      "/static/js/validation.js"
[GIN] 2026/04/08 - 19:55:34 | 404 |      11.041µs |             ::1 | GET      "/favicon.ico"
[GIN] 2026/04/08 - 19:55:36 | 401 |    13.66275ms |             ::1 | POST     "/api/v1/auth/login"
[GIN] 2026/04/08 - 19:55:42 | 200 |    7.636917ms |             ::1 | GET      "/auth/register.html"
[GIN] 2026/04/08 - 19:55:42 | 200 |    1.945625ms |             ::1 | GET      "/static/js/components.js"
[GIN] 2026/04/08 - 19:55:42 | 200 |    2.137916ms |             ::1 | GET      "/static/js/validation.js"
[GIN] 2026/04/08 - 19:55:42 | 404 |       4.083µs |             ::1 | GET      "/favicon.ico"
[GIN] 2026/04/08 - 19:55:45 | 200 |   85.060458ms |             ::1 | POST     "/api/v1/auth/register"
[GIN] 2026/04/08 - 19:55:46 | 200 |     122.458µs |             ::1 | GET      "/auth/login.html"
[GIN] 2026/04/08 - 19:55:46 | 200 |     372.916µs |             ::1 | GET      "/static/js/role-switcher.js"
[GIN] 2026/04/08 - 19:55:48 | 200 |     115.666µs |             ::1 | GET      "/auth/login.html"
[GIN] 2026/04/08 - 19:55:50 | 200 |   72.004917ms |             ::1 | POST     "/api/v1/auth/login"
[GIN] 2026/04/08 - 19:55:51 | 200 |      57.417µs |             ::1 | GET      "/business/dashboard.html"
[GIN] 2026/04/08 - 19:55:51 | 200 |    1.335042ms |             ::1 | GET      "/static/css/custom.css"
[GIN] 2026/04/08 - 19:55:51 | 200 |    3.439333ms |             ::1 | GET      "/static/js/navbar.js"
[GIN] 2026/04/08 - 19:55:54 | 200 |     269.291µs |             ::1 | GET      "/creator/dashboard.html"
2026/04/08 19:56:06 Background workers: running checks...
[GIN] 2026/04/08 - 19:56:10 | 200 |   69.619125ms |             ::1 | POST     "/api/v1/auth/register"
[GIN] 2026/04/08 - 19:56:24 | 200 |     11.9065ms |             ::1 | GET      "/auth/register.html"
[GIN] 2026/04/08 - 19:56:24 | 200 |    2.050167ms |             ::1 | GET      "/static/js/components.js"
[GIN] 2026/04/08 - 19:56:24 | 200 |    2.970208ms |             ::1 | GET      "/static/js/validation.js"
[GIN] 2026/04/08 - 19:56:24 | 404 |       2.917µs |             ::1 | GET      "/favicon.ico"
[GIN] 2026/04/08 - 19:56:27 | 200 |     111.723ms |             ::1 | POST     "/api/v1/auth/register"
[GIN] 2026/04/08 - 19:56:28 | 200 |     545.375µs |             ::1 | GET      "/auth/login.html"
[GIN] 2026/04/08 - 19:56:28 | 200 |    1.955792ms |             ::1 | GET      "/static/js/role-switcher.js"
[GIN] 2026/04/08 - 19:56:31 | 200 |      63.958µs |             ::1 | GET      "/auth/login.html"
[GIN] 2026/04/08 - 19:56:33 | 200 |    77.08125ms |             ::1 | POST     "/api/v1/auth/login"
[GIN] 2026/04/08 - 19:56:33 | 200 |      77.541µs |             ::1 | GET      "/business/dashboard.html"
[GIN] 2026/04/08 - 19:56:33 | 200 |     425.916µs |             ::1 | GET      "/static/js/navbar.js"
[GIN] 2026/04/08 - 19:56:33 | 200 |     528.542µs |             ::1 | GET      "/static/css/custom.css"
[GIN] 2026/04/08 - 19:56:37 | 200 |       3.066ms |             ::1 | GET      "/creator/dashboard.html"
2026/04/08 19:57:06 Background workers: running checks...
[GIN] 2026/04/08 - 19:57:08 | 200 |   12.271583ms |             ::1 | GET      "/auth/register.html"
[GIN] 2026/04/08 - 19:57:08 | 200 |    3.156792ms |             ::1 | GET      "/static/js/components.js"
[GIN] 2026/04/08 - 19:57:08 | 200 |    3.913625ms |             ::1 | GET      "/static/js/validation.js"
[GIN] 2026/04/08 - 19:57:08 | 404 |        5.75µs |             ::1 | GET      "/favicon.ico"
[GIN] 2026/04/08 - 19:57:11 | 200 |  114.043458ms |             ::1 | POST     "/api/v1/auth/register"
[GIN] 2026/04/08 - 19:57:12 | 200 |     621.625µs |             ::1 | GET      "/auth/login.html"
[GIN] 2026/04/08 - 19:57:12 | 200 |    1.985958ms |             ::1 | GET      "/static/js/role-switcher.js"
[GIN] 2026/04/08 - 19:57:14 | 200 |          79µs |             ::1 | GET      "/auth/login.html"
[GIN] 2026/04/08 - 19:57:17 | 200 |   75.329542ms |             ::1 | POST     "/api/v1/auth/login"
[GIN] 2026/04/08 - 19:57:17 | 200 |    4.013666ms |             ::1 | GET      "/business/dashboard.html"
[GIN] 2026/04/08 - 19:57:17 | 200 |     396.875µs |             ::1 | GET      "/static/css/custom.css"
[GIN] 2026/04/08 - 19:57:17 | 200 |     1.00175ms |             ::1 | GET      "/static/js/navbar.js"
[GIN] 2026/04/08 - 19:57:20 | 200 |      93.959µs |             ::1 | GET      "/creator/dashboard.html"
[GIN] 2026/04/08 - 19:57:22 | 200 |   95.679541ms |             ::1 | POST     "/api/v1/auth/login"
[GIN] 2026/04/08 - 19:57:22 | 200 |    5.897417ms |             ::1 | GET      "/api/v1/creator/tasks?page=1&limit=20"
[GIN] 2026/04/08 - 19:57:22 | 200 |    1.492667ms |             ::1 | GET      "/api/v1/creator/tasks?page=1&limit=20&category=1"
[GIN] 2026/04/08 - 19:57:22 | 200 |    1.472083ms |             ::1 | GET      "/api/v1/creator/tasks?page=1&limit=20&category=2"
[GIN] 2026/04/08 - 19:57:22 | 200 |     271.833µs |             ::1 | GET      "/api/v1/creator/tasks?page=1&limit=20&category=3"
[GIN] 2026/04/08 - 19:57:22 | 200 |     327.541µs |             ::1 | GET      "/api/v1/creator/tasks?page=1&limit=20&sort=latest"
[GIN] 2026/04/08 - 19:57:22 | 200 |     249.084µs |             ::1 | GET      "/api/v1/creator/tasks?page=1&limit=20&sort=price_desc"
[GIN] 2026/04/08 - 19:57:22 | 200 |      290.75µs |             ::1 | GET      "/api/v1/creator/tasks?page=1&limit=20&sort=price_asc"
[GIN] 2026/04/08 - 19:57:22 | 200 |     224.167µs |             ::1 | GET      "/api/v1/creator/tasks?page=1&limit=20&sort=deadline_asc"
[GIN] 2026/04/08 - 19:57:22 | 200 |    1.081083ms |             ::1 | GET      "/api/v1/creator/tasks?page=1&limit=20&keyword=设计"
[GIN] 2026/04/08 - 19:57:22 | 200 |     220.875µs |             ::1 | GET      "/api/v1/creator/tasks?page=1&limit=20&keyword=文案"
[GIN] 2026/04/08 - 19:57:22 | 200 |     665.667µs |             ::1 | GET      "/api/v1/creator/tasks?page=1&limit=20&category=2&sort=price_desc"
[GIN] 2026/04/08 - 19:57:22 | 200 |     302.417µs |             ::1 | GET      "/api/v1/creator/tasks?page=1&limit=20&keyword=设计&sort=price_asc"
[GIN] 2026/04/08 - 19:57:22 | 200 |     562.333µs |             ::1 | GET      "/api/v1/creator/tasks?page=1&limit=20&category=2&keyword=创意&sort=latest"
[GIN] 2026/04/08 - 19:57:22 | 200 |     262.583µs |             ::1 | GET      "/api/v1/creator/tasks?page=1&limit=10"
[GIN] 2026/04/08 - 19:57:22 | 200 |      236.25µs |             ::1 | GET      "/api/v1/creator/tasks?page=2&limit=10"
[GIN] 2026/04/08 - 19:57:22 | 200 |     181.125µs |             ::1 | GET      "/api/v1/creator/tasks?page=1&limit=20&category=999"
[GIN] 2026/04/08 - 19:57:22 | 200 |     279.334µs |             ::1 | GET      "/api/v1/creator/tasks?page=1&limit=20&keyword="
[GIN] 2026/04/08 - 19:57:22 | 200 |      299.75µs |             ::1 | GET      "/api/v1/creator/tasks?page=1&limit=1000"
[GIN] 2026/04/08 - 19:57:50 | 200 |    9.742125ms |             ::1 | GET      "/auth/register.html"
[GIN] 2026/04/08 - 19:57:50 | 200 |    2.373708ms |             ::1 | GET      "/static/js/components.js"
[GIN] 2026/04/08 - 19:57:50 | 200 |    2.357875ms |             ::1 | GET      "/static/js/validation.js"
[GIN] 2026/04/08 - 19:57:50 | 404 |       2.167µs |             ::1 | GET      "/favicon.ico"
[GIN] 2026/04/08 - 19:57:53 | 200 |   86.437042ms |             ::1 | POST     "/api/v1/auth/register"
[GIN] 2026/04/08 - 19:57:54 | 200 |       122.5µs |             ::1 | GET      "/auth/login.html"
[GIN] 2026/04/08 - 19:57:54 | 200 |     602.334µs |             ::1 | GET      "/static/js/role-switcher.js"
[GIN] 2026/04/08 - 19:57:56 | 200 |      54.208µs |             ::1 | GET      "/auth/login.html"
[GIN] 2026/04/08 - 19:57:58 | 200 |   80.592292ms |             ::1 | POST     "/api/v1/auth/login"
[GIN] 2026/04/08 - 19:57:59 | 200 |      52.666µs |             ::1 | GET      "/business/dashboard.html"
[GIN] 2026/04/08 - 19:57:59 | 200 |     562.916µs |             ::1 | GET      "/static/css/custom.css"
[GIN] 2026/04/08 - 19:57:59 | 200 |       471.5µs |             ::1 | GET      "/static/js/navbar.js"
[GIN] 2026/04/08 - 19:58:02 | 200 |      78.084µs |             ::1 | GET      "/business/dashboard.html"
[GIN] 2026/04/08 - 19:58:05 | 200 |      54.583µs |             ::1 | GET      "/creator/dashboard.html"
