2026/04/10 02:37:11 ✓ 目录已就绪: data
2026/04/10 02:37:11 ✓ 目录已就绪: web/static/uploads/image
2026/04/10 02:37:11 ✓ 目录已就绪: web/static/uploads/video
2026/04/10 02:37:11 ✓ 目录已就绪: logs
2026/04/10 02:37:11 Database migrations completed successfully
[GIN-debug] [WARNING] Creating an Engine instance with the Logger and Recovery middleware already attached.

[GIN-debug] [WARNING] Running in "debug" mode. Switch to "release" mode in production.
 - using env:	export GIN_MODE=release
 - using code:	gin.SetMode(gin.ReleaseMode)

2026/04/10 02:37:11 Background workers starting...
2026/04/10 02:37:11 Background workers ticker started
[GIN-debug] GET    /static/*filepath         --> github.com/gin-gonic/gin.(*RouterGroup).createStaticHandler.func1 (3 handlers)
[GIN-debug] HEAD   /static/*filepath         --> github.com/gin-gonic/gin.(*RouterGroup).createStaticHandler.func1 (3 handlers)
[GIN-debug] GET    /health                   --> github.com/tans/miao/internal/router.SetupRouter.func2 (4 handlers)
[GIN-debug] GET    /                         --> github.com/tans/miao/internal/router.SetupRouter.func3 (4 handlers)
[GIN-debug] GET    /tasks.html               --> github.com/tans/miao/internal/router.SetupRouter.func4 (4 handlers)
[GIN-debug] GET    /auth/login.html          --> github.com/tans/miao/internal/router.SetupRouter.func5 (4 handlers)
[GIN-debug] GET    /auth/register.html       --> github.com/tans/miao/internal/router.SetupRouter.func6 (4 handlers)
[GIN-debug] GET    /business/dashboard.html  --> github.com/tans/miao/internal/router.SetupRouter.SetupRouter.func7.func21 (4 handlers)
[GIN-debug] GET    /business/task_create.html --> github.com/tans/miao/internal/router.SetupRouter.SetupRouter.func7.func21 (4 handlers)
[GIN-debug] GET    /business/task_list.html  --> github.com/tans/miao/internal/router.SetupRouter.SetupRouter.func7.func21 (4 handlers)
[GIN-debug] GET    /business/task_detail.html --> github.com/tans/miao/internal/router.SetupRouter.SetupRouter.func7.func21 (4 handlers)
[GIN-debug] GET    /business/claim_review.html --> github.com/tans/miao/internal/router.SetupRouter.SetupRouter.func7.func21 (4 handlers)
[GIN-debug] GET    /business/recharge.html   --> github.com/tans/miao/internal/router.SetupRouter.SetupRouter.func7.func21 (4 handlers)
[GIN-debug] GET    /business/transactions.html --> github.com/tans/miao/internal/router.SetupRouter.SetupRouter.func7.func21 (4 handlers)
[GIN-debug] GET    /business/appeal.html     --> github.com/tans/miao/internal/router.SetupRouter.SetupRouter.func7.func21 (4 handlers)
[GIN-debug] GET    /business/appeal_list.html --> github.com/tans/miao/internal/router.SetupRouter.SetupRouter.func7.func21 (4 handlers)
[GIN-debug] GET    /creator/dashboard.html   --> github.com/tans/miao/internal/router.SetupRouter.SetupRouter.func8.func22 (4 handlers)
[GIN-debug] GET    /creator/task_hall.html   --> github.com/tans/miao/internal/router.SetupRouter.SetupRouter.func8.func22 (4 handlers)
[GIN-debug] GET    /creator/task_detail.html --> github.com/tans/miao/internal/router.SetupRouter.SetupRouter.func8.func22 (4 handlers)
[GIN-debug] GET    /creator/claim_list.html  --> github.com/tans/miao/internal/router.SetupRouter.SetupRouter.func8.func22 (4 handlers)
[GIN-debug] GET    /creator/my_submissions.html --> github.com/tans/miao/internal/router.SetupRouter.SetupRouter.func8.func22 (4 handlers)
[GIN-debug] GET    /creator/delivery.html    --> github.com/tans/miao/internal/router.SetupRouter.SetupRouter.func8.func22 (4 handlers)
[GIN-debug] GET    /creator/wallet.html      --> github.com/tans/miao/internal/router.SetupRouter.SetupRouter.func8.func22 (4 handlers)
[GIN-debug] GET    /creator/transactions.html --> github.com/tans/miao/internal/router.SetupRouter.SetupRouter.func8.func22 (4 handlers)
[GIN-debug] GET    /creator/appeal.html      --> github.com/tans/miao/internal/router.SetupRouter.SetupRouter.func8.func22 (4 handlers)
[GIN-debug] GET    /creator/appeal_list.html --> github.com/tans/miao/internal/router.SetupRouter.SetupRouter.func8.func22 (4 handlers)
[GIN-debug] GET    /admin/dashboard.html     --> github.com/tans/miao/internal/router.SetupRouter.SetupRouter.func9.func23 (4 handlers)
[GIN-debug] GET    /admin/user_list.html     --> github.com/tans/miao/internal/router.SetupRouter.SetupRouter.func9.func23 (4 handlers)
[GIN-debug] GET    /admin/task_list.html     --> github.com/tans/miao/internal/router.SetupRouter.SetupRouter.func9.func23 (4 handlers)
[GIN-debug] GET    /admin/task_review.html   --> github.com/tans/miao/internal/router.SetupRouter.SetupRouter.func9.func23 (4 handlers)
[GIN-debug] GET    /admin/appeal_list.html   --> github.com/tans/miao/internal/router.SetupRouter.SetupRouter.func9.func23 (4 handlers)
[GIN-debug] GET    /help/index.html          --> github.com/tans/miao/internal/router.SetupRouter.SetupRouter.func10.func24 (4 handlers)
[GIN-debug] GET    /help/faq.html            --> github.com/tans/miao/internal/router.SetupRouter.SetupRouter.func10.func24 (4 handlers)
[GIN-debug] GET    /help/tutorial.html       --> github.com/tans/miao/internal/router.SetupRouter.SetupRouter.func10.func24 (4 handlers)
[GIN-debug] GET    /user/profile.html        --> github.com/tans/miao/internal/router.SetupRouter.SetupRouter.func11.func25 (4 handlers)
[GIN-debug] GET    /user/password.html       --> github.com/tans/miao/internal/router.SetupRouter.SetupRouter.func11.func25 (4 handlers)
[GIN-debug] GET    /messages.html            --> github.com/tans/miao/internal/router.SetupRouter.func12 (4 handlers)
[GIN-debug] GET    /mobile/                  --> github.com/tans/miao/internal/handler.MobileIndex (4 handlers)
[GIN-debug] GET    /mobile/works             --> github.com/tans/miao/internal/handler.MobileWorks (4 handlers)
[GIN-debug] GET    /mobile/mine              --> github.com/tans/miao/internal/handler.MobileMine (5 handlers)
[GIN-debug] GET    /mobile/task/:id          --> github.com/tans/miao/internal/handler.MobileTaskDetail (4 handlers)
[GIN-debug] GET    /mobile/work/:id          --> github.com/tans/miao/internal/handler.MobileWorkDetail (4 handlers)
[GIN-debug] GET    /mobile/login             --> github.com/tans/miao/internal/router.SetupRouter.func13 (4 handlers)
[GIN-debug] GET    /mobile/register          --> github.com/tans/miao/internal/router.SetupRouter.func14 (4 handlers)
[GIN-debug] GET    /mobile/wallet            --> github.com/tans/miao/internal/router.SetupRouter.func15 (5 handlers)
[GIN-debug] GET    /mobile/my-claims         --> github.com/tans/miao/internal/router.SetupRouter.func16 (5 handlers)
[GIN-debug] GET    /mobile/my-tasks          --> github.com/tans/miao/internal/router.SetupRouter.func17 (5 handlers)
[GIN-debug] GET    /mobile/transactions      --> github.com/tans/miao/internal/router.SetupRouter.func18 (5 handlers)
[GIN-debug] GET    /mobile/settings          --> github.com/tans/miao/internal/router.SetupRouter.func19 (5 handlers)
[GIN-debug] POST   /api/v1/auth/register     --> github.com/tans/miao/internal/handler.Register (4 handlers)
[GIN-debug] POST   /api/v1/auth/login        --> github.com/tans/miao/internal/handler.Login (4 handlers)
[GIN-debug] GET    /api/v1/tasks             --> github.com/tans/miao/internal/handler.ListAvailableTasks (4 handlers)
[GIN-debug] GET    /api/v1/works             --> github.com/tans/miao/internal/handler.ListApprovedWorks (4 handlers)
[GIN-debug] POST   /api/v1/upload            --> github.com/tans/miao/internal/handler.UploadFile (5 handlers)
[GIN-debug] GET    /api/v1/users/me          --> github.com/tans/miao/internal/handler.GetCurrentUser (5 handlers)
[GIN-debug] PUT    /api/v1/users/me          --> github.com/tans/miao/internal/handler.UpdateProfile (5 handlers)
[GIN-debug] GET    /api/v1/users/credits     --> github.com/tans/miao/internal/handler.GetUserCredits (5 handlers)
[GIN-debug] GET    /api/v1/user/profile      --> github.com/tans/miao/internal/handler.GetUserProfile (5 handlers)
[GIN-debug] PUT    /api/v1/user/profile      --> github.com/tans/miao/internal/handler.UpdateUserProfile (5 handlers)
[GIN-debug] PUT    /api/v1/user/password     --> github.com/tans/miao/internal/handler.ChangePassword (5 handlers)
[GIN-debug] GET    /api/v1/messages          --> github.com/tans/miao/internal/handler.GetMessages (5 handlers)
[GIN-debug] GET    /api/v1/messages/:id      --> github.com/tans/miao/internal/handler.GetMessageDetail (5 handlers)
[GIN-debug] GET    /api/v1/messages/unread-count --> github.com/tans/miao/internal/handler.GetUnreadCount (5 handlers)
[GIN-debug] POST   /api/v1/messages/:id/read --> github.com/tans/miao/internal/handler.MarkMessageAsRead (5 handlers)
[GIN-debug] POST   /api/v1/messages/read-all --> github.com/tans/miao/internal/handler.MarkAllAsRead (5 handlers)
[GIN-debug] DELETE /api/v1/messages/:id      --> github.com/tans/miao/internal/handler.DeleteMessage (5 handlers)
[GIN-debug] GET    /api/v1/creator/tasks     --> github.com/tans/miao/internal/handler.ListAvailableTasks (5 handlers)
[GIN-debug] POST   /api/v1/creator/claim     --> github.com/tans/miao/internal/handler.ClaimTask (5 handlers)
[GIN-debug] GET    /api/v1/creator/claims    --> github.com/tans/miao/internal/handler.ListMyClaims (5 handlers)
[GIN-debug] PUT    /api/v1/creator/claim/:id/submit --> github.com/tans/miao/internal/handler.SubmitClaim (5 handlers)
[GIN-debug] GET    /api/v1/creator/wallet    --> github.com/tans/miao/internal/handler.GetWallet (5 handlers)
[GIN-debug] GET    /api/v1/creator/transactions --> github.com/tans/miao/internal/handler.GetTransactions (5 handlers)
[GIN-debug] GET    /api/v1/creator/stats     --> github.com/tans/miao/internal/handler.GetCreatorStats (5 handlers)
[GIN-debug] GET    /api/v1/creator/chart/income --> github.com/tans/miao/internal/handler.GetCreatorIncomeChart (5 handlers)
[GIN-debug] POST   /api/v1/business/tasks    --> github.com/tans/miao/internal/handler.CreateTask (5 handlers)
[GIN-debug] DELETE /api/v1/business/tasks/:id --> github.com/tans/miao/internal/handler.CancelTask (5 handlers)
[GIN-debug] GET    /api/v1/business/tasks    --> github.com/tans/miao/internal/handler.ListMyTasks (5 handlers)
[GIN-debug] GET    /api/v1/business/tasks/:id/claims --> github.com/tans/miao/internal/handler.GetTaskClaims (5 handlers)
[GIN-debug] GET    /api/v1/business/claims   --> github.com/tans/miao/internal/handler.GetAllClaims (5 handlers)
[GIN-debug] GET    /api/v1/business/claim/:id --> github.com/tans/miao/internal/handler.GetClaim (5 handlers)
[GIN-debug] PUT    /api/v1/business/claim/:id/review --> github.com/tans/miao/internal/handler.ReviewClaim (5 handlers)
[GIN-debug] GET    /api/v1/business/balance  --> github.com/tans/miao/internal/handler.GetBalance (5 handlers)
[GIN-debug] POST   /api/v1/business/recharge --> github.com/tans/miao/internal/handler.Recharge (5 handlers)
[GIN-debug] GET    /api/v1/business/transactions --> github.com/tans/miao/internal/handler.GetTransactions (5 handlers)
[GIN-debug] GET    /api/v1/business/stats    --> github.com/tans/miao/internal/handler.GetBusinessStats (5 handlers)
[GIN-debug] GET    /api/v1/business/chart/expense --> github.com/tans/miao/internal/handler.GetBusinessExpenseChart (5 handlers)
[GIN-debug] POST   /api/v1/appeals           --> github.com/tans/miao/internal/handler.CreateAppeal (5 handlers)
[GIN-debug] GET    /api/v1/appeals           --> github.com/tans/miao/internal/handler.ListAppeals (5 handlers)
[GIN-debug] GET    /api/v1/appeals/:id       --> github.com/tans/miao/internal/handler.GetAppeal (5 handlers)
[GIN-debug] GET    /api/v1/admin/dashboard   --> github.com/tans/miao/internal/handler.GetDashboard (6 handlers)
[GIN-debug] GET    /api/v1/admin/users       --> github.com/tans/miao/internal/handler.ListUsers (6 handlers)
[GIN-debug] PUT    /api/v1/admin/users/:id/status --> github.com/tans/miao/internal/handler.UpdateUserStatus (6 handlers)
[GIN-debug] PUT    /api/v1/admin/users/:id/credit --> github.com/tans/miao/internal/handler.UpdateUserCredit (6 handlers)
[GIN-debug] GET    /api/v1/admin/tasks       --> github.com/tans/miao/internal/handler.ListTasksAdmin (6 handlers)
[GIN-debug] PUT    /api/v1/admin/task/:id/review --> github.com/tans/miao/internal/handler.ReviewTask (6 handlers)
[GIN-debug] GET    /api/v1/admin/claims      --> github.com/tans/miao/internal/handler.ListClaimsAdmin (6 handlers)
[GIN-debug] GET    /api/v1/admin/appeals     --> github.com/tans/miao/internal/handler.ListAppealsAdmin (6 handlers)
[GIN-debug] GET    /api/v1/admin/appeals/:id --> github.com/tans/miao/internal/handler.GetAppealAdmin (6 handlers)
[GIN-debug] PUT    /api/v1/admin/appeals/:id/handle --> github.com/tans/miao/internal/handler.HandleAppeal (6 handlers)
2026/04/10 02:37:11 Server starting on port 8888
[GIN] 2026/04/10 - 02:37:14 | 200 |    3.571959ms |       127.0.0.1 | GET      "/mobile/"
[GIN] 2026/04/10 - 02:37:18 | 200 |    1.018083ms |       127.0.0.1 | GET      "/mobile/task/1"
[GIN] 2026/04/10 - 02:37:21 | 200 |    2.889708ms |       127.0.0.1 | GET      "/api/v1/works?limit=2"
[GIN] 2026/04/10 - 02:37:21 | 200 |     343.041µs |       127.0.0.1 | GET      "/mobile/works"
2026/04/10 02:38:11 Background workers: running checks...
2026/04/10 02:39:11 Background workers: running checks...
2026/04/10 02:40:11 Background workers: running checks...
2026/04/10 02:41:11 Background workers: running checks...
2026/04/10 02:42:11 Background workers: running checks...
2026/04/10 02:43:11 Background workers: running checks...
2026/04/10 02:44:11 Background workers: running checks...
2026/04/10 02:45:11 Background workers: running checks...
2026/04/10 02:46:11 Background workers: running checks...
2026/04/10 02:47:11 Background workers: running checks...
2026/04/10 02:48:11 Background workers: running checks...
2026/04/10 02:49:11 Background workers: running checks...
2026/04/10 02:50:11 Background workers: running checks...
2026/04/10 02:51:11 Background workers: running checks...
2026/04/10 02:52:11 Background workers: running checks...
2026/04/10 02:53:11 Background workers: running checks...
2026/04/10 02:54:11 Background workers: running checks...
2026/04/10 02:55:11 Background workers: running checks...
2026/04/10 02:56:11 Background workers: running checks...
2026/04/10 02:57:11 Background workers: running checks...
2026/04/10 02:58:11 Background workers: running checks...
2026/04/10 02:59:11 Background workers: running checks...
2026/04/10 03:00:11 Background workers: running checks...
2026/04/10 03:01:11 Background workers: running checks...
2026/04/10 03:02:11 Background workers: running checks...
2026/04/10 03:03:11 Background workers: running checks...
2026/04/10 03:04:11 Background workers: running checks...
2026/04/10 03:05:11 Background workers: running checks...
2026/04/10 03:06:11 Background workers: running checks...
2026/04/10 03:07:11 Background workers: running checks...
2026/04/10 03:08:11 Background workers: running checks...
2026/04/10 03:09:11 Background workers: running checks...
2026/04/10 03:10:11 Background workers: running checks...
2026/04/10 03:11:11 Background workers: running checks...
2026/04/10 03:12:11 Background workers: running checks...
2026/04/10 03:13:11 Background workers: running checks...
2026/04/10 03:14:11 Background workers: running checks...
2026/04/10 03:15:11 Background workers: running checks...
2026/04/10 03:16:11 Background workers: running checks...
2026/04/10 03:17:11 Background workers: running checks...
2026/04/10 03:18:11 Background workers: running checks...
2026/04/10 03:19:11 Background workers: running checks...
2026/04/10 03:20:11 Background workers: running checks...
2026/04/10 03:21:11 Background workers: running checks...
2026/04/10 03:22:11 Background workers: running checks...
2026/04/10 03:23:11 Background workers: running checks...
2026/04/10 03:24:11 Background workers: running checks...
2026/04/10 03:25:11 Background workers: running checks...
2026/04/10 03:26:11 Background workers: running checks...
2026/04/10 03:27:11 Background workers: running checks...
2026/04/10 03:28:11 Background workers: running checks...
2026/04/10 03:29:11 Background workers: running checks...
2026/04/10 03:30:11 Background workers: running checks...
2026/04/10 03:31:11 Background workers: running checks...
2026/04/10 03:32:11 Background workers: running checks...
2026/04/10 03:33:11 Background workers: running checks...
2026/04/10 03:34:11 Background workers: running checks...
2026/04/10 03:35:11 Background workers: running checks...
2026/04/10 03:36:11 Background workers: running checks...
2026/04/10 03:37:11 Background workers: running checks...
2026/04/10 03:38:11 Background workers: running checks...
2026/04/10 03:39:11 Background workers: running checks...
2026/04/10 03:40:11 Background workers: running checks...
2026/04/10 03:41:11 Background workers: running checks...
2026/04/10 03:42:11 Background workers: running checks...
2026/04/10 03:43:11 Background workers: running checks...
2026/04/10 03:44:11 Background workers: running checks...
2026/04/10 03:45:11 Background workers: running checks...
2026/04/10 03:46:11 Background workers: running checks...
2026/04/10 03:47:11 Background workers: running checks...
2026/04/10 03:48:11 Background workers: running checks...
2026/04/10 03:49:11 Background workers: running checks...
2026/04/10 03:50:11 Background workers: running checks...
2026/04/10 03:51:11 Background workers: running checks...
2026/04/10 03:52:11 Background workers: running checks...
2026/04/10 03:53:11 Background workers: running checks...
2026/04/10 03:54:11 Background workers: running checks...
2026/04/10 03:55:11 Background workers: running checks...
2026/04/10 03:56:11 Background workers: running checks...
2026/04/10 03:57:11 Background workers: running checks...
2026/04/10 03:58:11 Background workers: running checks...
2026/04/10 03:59:11 Background workers: running checks...
2026/04/10 04:00:11 Background workers: running checks...
2026/04/10 04:01:11 Background workers: running checks...
2026/04/10 04:02:11 Background workers: running checks...
2026/04/10 04:03:11 Background workers: running checks...
2026/04/10 04:04:11 Background workers: running checks...
2026/04/10 04:05:11 Background workers: running checks...
2026/04/10 04:06:11 Background workers: running checks...
2026/04/10 04:07:11 Background workers: running checks...
2026/04/10 04:08:11 Background workers: running checks...
2026/04/10 04:09:11 Background workers: running checks...
2026/04/10 04:10:11 Background workers: running checks...
2026/04/10 04:11:11 Background workers: running checks...
2026/04/10 04:12:11 Background workers: running checks...
2026/04/10 04:13:11 Background workers: running checks...
2026/04/10 04:14:11 Background workers: running checks...
2026/04/10 04:15:11 Background workers: running checks...
2026/04/10 04:16:11 Background workers: running checks...
2026/04/10 04:17:11 Background workers: running checks...
2026/04/10 04:18:11 Background workers: running checks...
2026/04/10 04:19:11 Background workers: running checks...
2026/04/10 04:20:11 Background workers: running checks...
2026/04/10 04:21:11 Background workers: running checks...
2026/04/10 04:22:11 Background workers: running checks...
2026/04/10 04:23:11 Background workers: running checks...
2026/04/10 04:24:11 Background workers: running checks...
2026/04/10 04:25:11 Background workers: running checks...
2026/04/10 04:26:11 Background workers: running checks...
2026/04/10 04:27:11 Background workers: running checks...
2026/04/10 04:28:11 Background workers: running checks...
2026/04/10 04:29:11 Background workers: running checks...
2026/04/10 04:30:11 Background workers: running checks...
2026/04/10 04:31:11 Background workers: running checks...
2026/04/10 04:32:11 Background workers: running checks...
2026/04/10 04:33:11 Background workers: running checks...
2026/04/10 04:34:11 Background workers: running checks...
2026/04/10 04:35:11 Background workers: running checks...
2026/04/10 04:36:11 Background workers: running checks...
2026/04/10 04:37:11 Background workers: running checks...
2026/04/10 04:38:11 Background workers: running checks...
2026/04/10 04:39:11 Background workers: running checks...
2026/04/10 04:40:11 Background workers: running checks...
2026/04/10 04:41:11 Background workers: running checks...
2026/04/10 04:42:11 Background workers: running checks...
2026/04/10 04:43:11 Background workers: running checks...
2026/04/10 04:44:11 Background workers: running checks...
2026/04/10 04:45:11 Background workers: running checks...
2026/04/10 04:46:11 Background workers: running checks...
2026/04/10 04:47:11 Background workers: running checks...
2026/04/10 04:48:11 Background workers: running checks...
2026/04/10 04:49:11 Background workers: running checks...
2026/04/10 04:50:11 Background workers: running checks...
2026/04/10 04:51:11 Background workers: running checks...
2026/04/10 04:52:11 Background workers: running checks...
2026/04/10 04:53:11 Background workers: running checks...
2026/04/10 04:54:11 Background workers: running checks...
2026/04/10 04:55:11 Background workers: running checks...
2026/04/10 04:56:11 Background workers: running checks...
2026/04/10 04:57:11 Background workers: running checks...
2026/04/10 04:58:11 Background workers: running checks...
2026/04/10 04:59:11 Background workers: running checks...
2026/04/10 05:00:11 Background workers: running checks...
2026/04/10 05:01:11 Background workers: running checks...
2026/04/10 05:02:11 Background workers: running checks...
2026/04/10 05:03:11 Background workers: running checks...
2026/04/10 05:04:11 Background workers: running checks...
2026/04/10 05:05:11 Background workers: running checks...
2026/04/10 05:06:11 Background workers: running checks...
2026/04/10 05:07:11 Background workers: running checks...
2026/04/10 05:08:11 Background workers: running checks...
2026/04/10 05:09:11 Background workers: running checks...
2026/04/10 05:10:11 Background workers: running checks...
2026/04/10 05:11:11 Background workers: running checks...
2026/04/10 05:12:11 Background workers: running checks...
2026/04/10 05:13:11 Background workers: running checks...
2026/04/10 05:14:11 Background workers: running checks...
2026/04/10 05:15:11 Background workers: running checks...
2026/04/10 05:16:11 Background workers: running checks...
2026/04/10 05:17:11 Background workers: running checks...
2026/04/10 05:18:11 Background workers: running checks...
2026/04/10 05:19:11 Background workers: running checks...
2026/04/10 05:20:11 Background workers: running checks...
2026/04/10 05:21:11 Background workers: running checks...
2026/04/10 05:22:11 Background workers: running checks...
2026/04/10 05:23:11 Background workers: running checks...
2026/04/10 05:24:11 Background workers: running checks...
2026/04/10 05:25:11 Background workers: running checks...
2026/04/10 05:26:11 Background workers: running checks...
2026/04/10 05:27:11 Background workers: running checks...
2026/04/10 05:28:11 Background workers: running checks...
2026/04/10 05:29:11 Background workers: running checks...
2026/04/10 05:30:11 Background workers: running checks...
2026/04/10 05:31:11 Background workers: running checks...
2026/04/10 05:32:11 Background workers: running checks...
2026/04/10 05:33:11 Background workers: running checks...
2026/04/10 05:34:11 Background workers: running checks...
2026/04/10 05:35:11 Background workers: running checks...
2026/04/10 05:36:11 Background workers: running checks...
2026/04/10 05:37:11 Background workers: running checks...
2026/04/10 05:38:11 Background workers: running checks...
2026/04/10 05:39:11 Background workers: running checks...
2026/04/10 05:40:11 Background workers: running checks...
2026/04/10 05:41:11 Background workers: running checks...
2026/04/10 05:42:11 Background workers: running checks...
2026/04/10 05:43:11 Background workers: running checks...
2026/04/10 05:44:11 Background workers: running checks...
2026/04/10 05:45:11 Background workers: running checks...
2026/04/10 05:46:11 Background workers: running checks...
2026/04/10 05:47:11 Background workers: running checks...
2026/04/10 05:48:11 Background workers: running checks...
2026/04/10 05:49:11 Background workers: running checks...
2026/04/10 05:50:11 Background workers: running checks...
2026/04/10 05:51:11 Background workers: running checks...
2026/04/10 05:52:11 Background workers: running checks...
2026/04/10 05:53:11 Background workers: running checks...
2026/04/10 05:54:11 Background workers: running checks...
2026/04/10 05:55:11 Background workers: running checks...
2026/04/10 05:56:11 Background workers: running checks...
2026/04/10 05:57:11 Background workers: running checks...
2026/04/10 05:58:11 Background workers: running checks...
2026/04/10 05:59:11 Background workers: running checks...
2026/04/10 06:00:11 Background workers: running checks...
2026/04/10 06:01:11 Background workers: running checks...
2026/04/10 06:02:11 Background workers: running checks...
2026/04/10 06:03:11 Background workers: running checks...
2026/04/10 06:04:11 Background workers: running checks...
2026/04/10 06:05:11 Background workers: running checks...
2026/04/10 06:06:11 Background workers: running checks...
2026/04/10 06:07:11 Background workers: running checks...
2026/04/10 06:08:11 Background workers: running checks...
2026/04/10 06:09:11 Background workers: running checks...
2026/04/10 06:10:11 Background workers: running checks...
2026/04/10 06:11:11 Background workers: running checks...
2026/04/10 06:12:11 Background workers: running checks...
2026/04/10 06:13:11 Background workers: running checks...
2026/04/10 06:14:11 Background workers: running checks...
2026/04/10 06:15:11 Background workers: running checks...
2026/04/10 06:16:11 Background workers: running checks...
2026/04/10 06:17:11 Background workers: running checks...
2026/04/10 06:18:11 Background workers: running checks...
2026/04/10 06:19:11 Background workers: running checks...
2026/04/10 06:20:11 Background workers: running checks...
2026/04/10 06:21:11 Background workers: running checks...
2026/04/10 06:22:11 Background workers: running checks...
2026/04/10 06:23:11 Background workers: running checks...
2026/04/10 06:24:11 Background workers: running checks...
2026/04/10 06:25:11 Background workers: running checks...
2026/04/10 06:26:11 Background workers: running checks...
2026/04/10 06:27:11 Background workers: running checks...
2026/04/10 06:28:11 Background workers: running checks...
2026/04/10 06:29:11 Background workers: running checks...
2026/04/10 06:30:11 Background workers: running checks...
2026/04/10 06:31:11 Background workers: running checks...
2026/04/10 06:32:11 Background workers: running checks...
2026/04/10 06:33:11 Background workers: running checks...
2026/04/10 06:34:11 Background workers: running checks...
2026/04/10 06:35:11 Background workers: running checks...
2026/04/10 06:36:11 Background workers: running checks...
2026/04/10 06:37:11 Background workers: running checks...
2026/04/10 06:38:11 Background workers: running checks...
2026/04/10 06:39:11 Background workers: running checks...
2026/04/10 06:40:11 Background workers: running checks...
2026/04/10 06:41:11 Background workers: running checks...
2026/04/10 06:42:11 Background workers: running checks...
2026/04/10 06:43:11 Background workers: running checks...
2026/04/10 06:44:11 Background workers: running checks...
2026/04/10 06:45:11 Background workers: running checks...
2026/04/10 06:46:11 Background workers: running checks...
2026/04/10 06:47:11 Background workers: running checks...
2026/04/10 06:48:11 Background workers: running checks...
2026/04/10 06:49:11 Background workers: running checks...
2026/04/10 06:50:11 Background workers: running checks...
2026/04/10 06:51:11 Background workers: running checks...
2026/04/10 06:52:11 Background workers: running checks...
2026/04/10 06:53:11 Background workers: running checks...
2026/04/10 06:54:11 Background workers: running checks...
2026/04/10 06:55:11 Background workers: running checks...
2026/04/10 06:56:11 Background workers: running checks...
2026/04/10 06:57:11 Background workers: running checks...
2026/04/10 06:58:11 Background workers: running checks...
2026/04/10 06:59:11 Background workers: running checks...
2026/04/10 07:00:11 Background workers: running checks...
2026/04/10 07:01:11 Background workers: running checks...
2026/04/10 07:02:11 Background workers: running checks...
2026/04/10 07:03:11 Background workers: running checks...
2026/04/10 07:04:11 Background workers: running checks...
2026/04/10 07:05:18 Background workers: running checks...
2026/04/10 07:18:11 Background workers: running checks...
2026/04/10 07:19:42 Background workers: running checks...
2026/04/10 07:53:05 Background workers: running checks...
2026/04/10 07:54:27 Background workers: running checks...
2026/04/10 07:55:27 Background workers: running checks...
2026/04/10 07:56:27 Background workers: running checks...
2026/04/10 07:57:27 Background workers: running checks...
2026/04/10 07:58:27 Background workers: running checks...
2026/04/10 07:59:27 Background workers: running checks...
2026/04/10 08:00:27 Background workers: running checks...
2026/04/10 08:04:02 Background workers: running checks...
2026/04/10 08:05:02 Background workers: running checks...
2026/04/10 08:06:02 Background workers: running checks...
2026/04/10 08:07:02 Background workers: running checks...
2026/04/10 08:08:02 Background workers: running checks...
2026/04/10 08:09:02 Background workers: running checks...
2026/04/10 08:10:02 Background workers: running checks...
2026/04/10 08:11:02 Background workers: running checks...
2026/04/10 08:12:02 Background workers: running checks...
2026/04/10 08:13:02 Background workers: running checks...
2026/04/10 08:14:02 Background workers: running checks...
2026/04/10 08:15:02 Background workers: running checks...
2026/04/10 08:16:02 Background workers: running checks...
2026/04/10 08:17:02 Background workers: running checks...
2026/04/10 08:18:02 Background workers: running checks...
2026/04/10 08:19:02 Background workers: running checks...
2026/04/10 08:20:02 Background workers: running checks...
2026/04/10 08:21:02 Background workers: running checks...
2026/04/10 08:22:02 Background workers: running checks...
2026/04/10 08:23:02 Background workers: running checks...
2026/04/10 08:24:02 Background workers: running checks...
2026/04/10 08:25:02 Background workers: running checks...
2026/04/10 08:26:02 Background workers: running checks...
2026/04/10 08:27:02 Background workers: running checks...
[GIN] 2026/04/10 - 08:27:20 | 200 |    4.434875ms |       127.0.0.1 | GET      "/health"
[GIN] 2026/04/10 - 08:27:27 | 200 |   20.936125ms |       127.0.0.1 | GET      "/api/v1/tasks?limit=3"
2026/04/10 08:28:02 Background workers: running checks...
[GIN] 2026/04/10 - 08:28:12 | 401 |   84.430833ms |       127.0.0.1 | POST     "/api/v1/auth/login"
[GIN] 2026/04/10 - 08:28:31 | 200 |  146.645834ms |       127.0.0.1 | POST     "/api/v1/auth/register"
[GIN] 2026/04/10 - 08:28:47 | 404 |       4.667µs |       127.0.0.1 | PATCH    "/api/issues/6c8e62be-5b8a-4082-abf1-3dbb85206ad9"
2026/04/10 08:29:02 Background workers: running checks...
2026/04/10 08:30:02 Background workers: running checks...
2026/04/10 08:31:02 Background workers: running checks...
2026/04/10 08:32:02 Background workers: running checks...
2026/04/10 08:33:02 Background workers: running checks...
2026/04/10 08:34:02 Background workers: running checks...
2026/04/10 08:35:02 Background workers: running checks...
2026/04/10 08:36:02 Background workers: running checks...
2026/04/10 08:37:02 Background workers: running checks...
2026/04/10 08:38:02 Background workers: running checks...
2026/04/10 08:39:02 Background workers: running checks...
2026/04/10 08:40:02 Background workers: running checks...
2026/04/10 08:41:02 Background workers: running checks...
2026/04/10 08:42:02 Background workers: running checks...
2026/04/10 08:43:02 Background workers: running checks...
2026/04/10 09:00:24 Background workers: running checks...
2026/04/10 09:21:50 Background workers: running checks...
2026/04/10 09:22:50 Background workers: running checks...
2026/04/10 09:23:50 Background workers: running checks...
2026/04/10 09:24:50 Background workers: running checks...
2026/04/10 09:25:50 Background workers: running checks...
2026/04/10 09:26:50 Background workers: running checks...
2026/04/10 09:27:50 Background workers: running checks...
2026/04/10 09:28:50 Background workers: running checks...
2026/04/10 09:29:50 Background workers: running checks...
2026/04/10 09:41:40 Background workers: running checks...
2026/04/10 09:56:17 Background workers: running checks...
2026/04/10 10:08:22 Background workers: running checks...
2026/04/10 10:09:22 Background workers: running checks...
2026/04/10 10:10:22 Background workers: running checks...
2026/04/10 10:11:22 Background workers: running checks...
2026/04/10 10:12:22 Background workers: running checks...
2026/04/10 10:13:22 Background workers: running checks...
2026/04/10 10:14:22 Background workers: running checks...
2026/04/10 10:15:22 Background workers: running checks...
2026/04/10 10:16:22 Background workers: running checks...
2026/04/10 10:17:22 Background workers: running checks...
2026/04/10 10:18:22 Background workers: running checks...
2026/04/10 10:19:22 Background workers: running checks...
[GIN] 2026/04/10 - 10:19:23 | 409 |   73.721875ms |             ::1 | POST     "/api/v1/auth/register"
[GIN] 2026/04/10 - 10:19:28 | 200 |    15.43725ms |             ::1 | GET      "/mobile/task/3"
[GIN] 2026/04/10 - 10:19:28 | 304 |    2.437166ms |             ::1 | GET      "/static/mobile/css/mobile.css"
[GIN] 2026/04/10 - 10:19:28 | 304 |    4.412291ms |             ::1 | GET      "/static/mobile/js/mobile.js"
[GIN] 2026/04/10 - 10:19:28 | 304 |    1.120291ms |             ::1 | GET      "/static/images/task-placeholder.svg"
[GIN] 2026/04/10 - 10:19:29 | 304 |     508.125µs |             ::1 | GET      "/static/images/avatar-default.svg"
[GIN] 2026/04/10 - 10:19:37 | 200 |   10.358416ms |             ::1 | GET      "/mobile/login"
[GIN] 2026/04/10 - 10:19:37 | 200 |   10.442625ms |             ::1 | GET      "/mobile/"
[GIN] 2026/04/10 - 10:19:40 | 401 |    2.671667ms |             ::1 | GET      "/api/v1/creator/tasks?page=2&limit=20&sort=created_at"
[GIN] 2026/04/10 - 10:19:40 | 401 |      33.083µs |             ::1 | GET      "/api/v1/creator/tasks?page=2&limit=20&sort=created_at"
[GIN] 2026/04/10 - 10:19:40 | 401 |      31.542µs |             ::1 | GET      "/api/v1/creator/tasks?page=2&limit=20&sort=created_at"
[GIN] 2026/04/10 - 10:19:41 | 200 |      93.542µs |             ::1 | GET      "/mobile/login"
[GIN] 2026/04/10 - 10:19:43 | 401 |  101.908459ms |             ::1 | POST     "/api/v1/auth/login"
[GIN] 2026/04/10 - 10:19:45 | 401 |    103.8925ms |             ::1 | POST     "/api/v1/auth/login"
[GIN] 2026/04/10 - 10:19:45 | 401 |  103.433583ms |             ::1 | POST     "/api/v1/auth/login"
[GIN] 2026/04/10 - 10:19:48 | 401 |  103.480125ms |             ::1 | POST     "/api/v1/auth/login"
[GIN] 2026/04/10 - 10:19:49 | 401 |     102.045ms |             ::1 | POST     "/api/v1/auth/login"
[GIN] 2026/04/10 - 10:19:54 | 200 |        1.24ms |             ::1 | GET      "/mobile/task/3"
[GIN] 2026/04/10 - 10:19:58 | 200 |    4.777375ms |             ::1 | GET      "/"
[GIN] 2026/04/10 - 10:19:58 | 304 |    1.093208ms |             ::1 | GET      "/static/css/custom.css"
[GIN] 2026/04/10 - 10:19:58 | 304 |    1.727458ms |             ::1 | GET      "/static/js/role-switcher.js"
[GIN] 2026/04/10 - 10:19:58 | 200 |   13.263209ms |             ::1 | GET      "/static/js/components.js"
[GIN] 2026/04/10 - 10:20:01 | 200 |    2.401625ms |             ::1 | GET      "/auth/login.html"
[GIN] 2026/04/10 - 10:20:01 | 304 |    1.276958ms |             ::1 | GET      "/static/js/validation.js"
[GIN] 2026/04/10 - 10:20:02 | 401 |   84.644958ms |             ::1 | POST     "/api/v1/auth/login"
[GIN] 2026/04/10 - 10:20:04 | 401 |   83.609917ms |             ::1 | POST     "/api/v1/auth/login"
[GIN] 2026/04/10 - 10:20:05 | 401 |  104.564625ms |             ::1 | POST     "/api/v1/auth/login"
2026/04/10 10:20:22 Background workers: running checks...
2026/04/10 10:21:22 Background workers: running checks...
2026/04/10 10:22:22 Background workers: running checks...
2026/04/10 10:23:22 Background workers: running checks...
2026/04/10 10:24:22 Background workers: running checks...
2026/04/10 10:25:22 Background workers: running checks...
2026/04/10 10:26:22 Background workers: running checks...
2026/04/10 10:27:22 Background workers: running checks...
2026/04/10 10:28:22 Background workers: running checks...
2026/04/10 10:29:22 Background workers: running checks...
2026/04/10 10:30:22 Background workers: running checks...
2026/04/10 10:31:22 Background workers: running checks...
2026/04/10 10:32:22 Background workers: running checks...
2026/04/10 10:33:22 Background workers: running checks...
2026/04/10 10:34:22 Background workers: running checks...
2026/04/10 10:35:22 Background workers: running checks...
2026/04/10 10:36:22 Background workers: running checks...
2026/04/10 10:37:22 Background workers: running checks...
2026/04/10 10:38:22 Background workers: running checks...
2026/04/10 10:39:22 Background workers: running checks...
2026/04/10 10:40:22 Background workers: running checks...
2026/04/10 10:41:22 Background workers: running checks...
2026/04/10 10:42:22 Background workers: running checks...
2026/04/10 10:43:22 Background workers: running checks...
2026/04/10 10:44:22 Background workers: running checks...
2026/04/10 10:45:22 Background workers: running checks...
2026/04/10 10:46:22 Background workers: running checks...
2026/04/10 10:47:22 Background workers: running checks...
2026/04/10 10:48:22 Background workers: running checks...
2026/04/10 10:49:22 Background workers: running checks...
2026/04/10 10:50:22 Background workers: running checks...
2026/04/10 10:51:22 Background workers: running checks...
2026/04/10 10:52:22 Background workers: running checks...
2026/04/10 10:53:22 Background workers: running checks...
2026/04/10 10:54:22 Background workers: running checks...
2026/04/10 10:55:22 Background workers: running checks...
2026/04/10 10:56:22 Background workers: running checks...
2026/04/10 10:57:22 Background workers: running checks...
2026/04/10 10:58:22 Background workers: running checks...
2026/04/10 10:59:22 Background workers: running checks...
2026/04/10 11:00:22 Background workers: running checks...
2026/04/10 11:01:22 Background workers: running checks...
2026/04/10 11:02:22 Background workers: running checks...
2026/04/10 11:03:22 Background workers: running checks...
2026/04/10 11:04:22 Background workers: running checks...
2026/04/10 11:05:22 Background workers: running checks...
2026/04/10 11:06:22 Background workers: running checks...
2026/04/10 11:07:22 Background workers: running checks...
2026/04/10 11:08:22 Background workers: running checks...
2026/04/10 11:09:22 Background workers: running checks...
2026/04/10 11:10:22 Background workers: running checks...
2026/04/10 11:11:22 Background workers: running checks...
2026/04/10 11:12:22 Background workers: running checks...
2026/04/10 11:13:22 Background workers: running checks...
2026/04/10 11:14:22 Background workers: running checks...
2026/04/10 11:15:22 Background workers: running checks...
2026/04/10 11:16:22 Background workers: running checks...
2026/04/10 11:17:22 Background workers: running checks...
2026/04/10 11:18:22 Background workers: running checks...
2026/04/10 11:19:22 Background workers: running checks...
2026/04/10 11:20:22 Background workers: running checks...
2026/04/10 11:21:22 Background workers: running checks...
2026/04/10 11:22:22 Background workers: running checks...
2026/04/10 11:23:22 Background workers: running checks...
2026/04/10 11:24:22 Background workers: running checks...
2026/04/10 11:25:22 Background workers: running checks...
2026/04/10 11:26:22 Background workers: running checks...
2026/04/10 11:27:22 Background workers: running checks...
2026/04/10 11:28:22 Background workers: running checks...
2026/04/10 11:29:22 Background workers: running checks...
2026/04/10 11:30:22 Background workers: running checks...
2026/04/10 11:31:22 Background workers: running checks...
2026/04/10 11:32:22 Background workers: running checks...
2026/04/10 11:33:22 Background workers: running checks...
2026/04/10 11:34:22 Background workers: running checks...
2026/04/10 11:35:22 Background workers: running checks...
2026/04/10 11:36:22 Background workers: running checks...
2026/04/10 11:37:22 Background workers: running checks...
2026/04/10 11:38:22 Background workers: running checks...
2026/04/10 11:39:22 Background workers: running checks...
2026/04/10 11:40:22 Background workers: running checks...
2026/04/10 11:41:22 Background workers: running checks...
2026/04/10 11:42:22 Background workers: running checks...
2026/04/10 11:43:22 Background workers: running checks...
2026/04/10 11:44:22 Background workers: running checks...
2026/04/10 11:45:22 Background workers: running checks...
2026/04/10 11:46:22 Background workers: running checks...
2026/04/10 11:47:22 Background workers: running checks...
2026/04/10 11:48:22 Background workers: running checks...
2026/04/10 11:49:22 Background workers: running checks...
2026/04/10 11:50:22 Background workers: running checks...
2026/04/10 11:51:22 Background workers: running checks...
2026/04/10 11:52:22 Background workers: running checks...
2026/04/10 11:53:22 Background workers: running checks...
2026/04/10 11:54:22 Background workers: running checks...
2026/04/10 11:55:22 Background workers: running checks...
2026/04/10 11:56:22 Background workers: running checks...
2026/04/10 11:57:22 Background workers: running checks...
2026/04/10 11:58:22 Background workers: running checks...
[GIN] 2026/04/10 - 11:58:34 | 401 |   83.274708ms |             ::1 | POST     "/api/v1/auth/login"
[GIN] 2026/04/10 - 11:58:40 | 200 |    7.861375ms |             ::1 | GET      "/auth/login.html"
[GIN] 2026/04/10 - 11:58:40 | 304 |    2.031958ms |             ::1 | GET      "/static/js/components.js"
[GIN] 2026/04/10 - 11:58:41 | 401 |   88.104791ms |             ::1 | POST     "/api/v1/auth/login"
[GIN] 2026/04/10 - 11:58:46 | 200 |    4.813291ms |             ::1 | GET      "/auth/register.html"
2026/04/10 11:59:22 Background workers: running checks...
2026/04/10 12:00:22 Background workers: running checks...
2026/04/10 12:01:22 Background workers: running checks...
2026/04/10 12:02:22 Background workers: running checks...
2026/04/10 12:03:22 Background workers: running checks...
2026/04/10 12:04:22 Background workers: running checks...
2026/04/10 12:05:22 Background workers: running checks...
2026/04/10 12:06:22 Background workers: running checks...
2026/04/10 12:07:22 Background workers: running checks...
2026/04/10 12:08:22 Background workers: running checks...
2026/04/10 12:09:22 Background workers: running checks...
2026/04/10 12:10:22 Background workers: running checks...
2026/04/10 12:11:22 Background workers: running checks...
2026/04/10 12:12:22 Background workers: running checks...
2026/04/10 12:13:22 Background workers: running checks...
2026/04/10 12:14:22 Background workers: running checks...
2026/04/10 12:15:22 Background workers: running checks...
2026/04/10 12:16:22 Background workers: running checks...
2026/04/10 12:17:22 Background workers: running checks...
2026/04/10 12:18:22 Background workers: running checks...
2026/04/10 12:19:22 Background workers: running checks...
2026/04/10 12:20:22 Background workers: running checks...
2026/04/10 12:21:22 Background workers: running checks...
2026/04/10 12:22:22 Background workers: running checks...
2026/04/10 12:23:22 Background workers: running checks...
2026/04/10 12:24:22 Background workers: running checks...
2026/04/10 12:25:22 Background workers: running checks...
2026/04/10 12:26:22 Background workers: running checks...
2026/04/10 12:27:22 Background workers: running checks...
2026/04/10 12:28:22 Background workers: running checks...
2026/04/10 12:29:22 Background workers: running checks...
2026/04/10 12:30:22 Background workers: running checks...
2026/04/10 12:31:22 Background workers: running checks...
2026/04/10 12:32:22 Background workers: running checks...
2026/04/10 12:33:22 Background workers: running checks...
2026/04/10 12:34:22 Background workers: running checks...
2026/04/10 12:35:22 Background workers: running checks...
2026/04/10 12:36:22 Background workers: running checks...
2026/04/10 12:37:22 Background workers: running checks...
2026/04/10 12:38:22 Background workers: running checks...
2026/04/10 12:39:22 Background workers: running checks...
2026/04/10 12:40:22 Background workers: running checks...
2026/04/10 12:41:22 Background workers: running checks...
2026/04/10 12:42:22 Background workers: running checks...
2026/04/10 12:43:22 Background workers: running checks...
2026/04/10 12:44:22 Background workers: running checks...
2026/04/10 12:45:22 Background workers: running checks...
2026/04/10 12:46:22 Background workers: running checks...
2026/04/10 12:47:22 Background workers: running checks...
2026/04/10 12:48:22 Background workers: running checks...
2026/04/10 12:49:22 Background workers: running checks...
2026/04/10 12:50:22 Background workers: running checks...
2026/04/10 12:51:22 Background workers: running checks...
2026/04/10 12:52:22 Background workers: running checks...
2026/04/10 12:53:22 Background workers: running checks...
2026/04/10 12:54:22 Background workers: running checks...
2026/04/10 12:55:22 Background workers: running checks...
2026/04/10 12:56:22 Background workers: running checks...
2026/04/10 12:57:22 Background workers: running checks...
2026/04/10 12:58:22 Background workers: running checks...
2026/04/10 12:59:22 Background workers: running checks...
2026/04/10 13:00:22 Background workers: running checks...
2026/04/10 13:01:22 Background workers: running checks...
2026/04/10 13:02:22 Background workers: running checks...
2026/04/10 13:03:22 Background workers: running checks...
2026/04/10 13:04:22 Background workers: running checks...
2026/04/10 13:05:22 Background workers: running checks...
2026/04/10 13:06:22 Background workers: running checks...
2026/04/10 13:07:22 Background workers: running checks...
2026/04/10 13:08:22 Background workers: running checks...
2026/04/10 13:09:22 Background workers: running checks...
2026/04/10 13:10:22 Background workers: running checks...
2026/04/10 13:11:22 Background workers: running checks...
2026/04/10 13:12:22 Background workers: running checks...
2026/04/10 13:13:22 Background workers: running checks...
2026/04/10 13:14:22 Background workers: running checks...
2026/04/10 13:15:22 Background workers: running checks...
2026/04/10 13:16:22 Background workers: running checks...
2026/04/10 13:17:22 Background workers: running checks...
2026/04/10 13:18:22 Background workers: running checks...
2026/04/10 13:19:22 Background workers: running checks...
2026/04/10 13:20:22 Background workers: running checks...
2026/04/10 13:21:22 Background workers: running checks...
2026/04/10 13:22:22 Background workers: running checks...
2026/04/10 13:23:22 Background workers: running checks...
2026/04/10 13:24:22 Background workers: running checks...
2026/04/10 13:25:22 Background workers: running checks...
2026/04/10 13:26:22 Background workers: running checks...
2026/04/10 13:27:22 Background workers: running checks...
2026/04/10 13:28:22 Background workers: running checks...
2026/04/10 13:29:22 Background workers: running checks...
2026/04/10 13:30:22 Background workers: running checks...
2026/04/10 13:31:22 Background workers: running checks...
2026/04/10 13:32:22 Background workers: running checks...
2026/04/10 13:33:22 Background workers: running checks...
2026/04/10 13:34:22 Background workers: running checks...
2026/04/10 13:35:22 Background workers: running checks...
2026/04/10 13:36:22 Background workers: running checks...
2026/04/10 13:37:22 Background workers: running checks...
2026/04/10 13:38:22 Background workers: running checks...
2026/04/10 13:39:22 Background workers: running checks...
2026/04/10 13:40:22 Background workers: running checks...
2026/04/10 13:41:22 Background workers: running checks...
2026/04/10 13:42:22 Background workers: running checks...
2026/04/10 13:43:22 Background workers: running checks...
2026/04/10 13:44:22 Background workers: running checks...
2026/04/10 13:45:22 Background workers: running checks...
2026/04/10 13:46:22 Background workers: running checks...
2026/04/10 13:47:22 Background workers: running checks...
2026/04/10 13:48:22 Background workers: running checks...
2026/04/10 13:49:22 Background workers: running checks...
2026/04/10 13:50:22 Background workers: running checks...
2026/04/10 13:51:22 Background workers: running checks...
2026/04/10 13:56:32 Background workers: running checks...
2026/04/10 13:57:32 Background workers: running checks...
2026/04/10 13:58:32 Background workers: running checks...
2026/04/10 13:59:32 Background workers: running checks...
2026/04/10 14:00:32 Background workers: running checks...
2026/04/10 14:01:32 Background workers: running checks...
2026/04/10 14:02:32 Background workers: running checks...
2026/04/10 14:03:32 Background workers: running checks...
2026/04/10 14:04:32 Background workers: running checks...
2026/04/10 14:05:32 Background workers: running checks...
2026/04/10 14:06:32 Background workers: running checks...
2026/04/10 14:07:32 Background workers: running checks...
2026/04/10 14:08:32 Background workers: running checks...
2026/04/10 14:09:32 Background workers: running checks...
2026/04/10 14:10:32 Background workers: running checks...
2026/04/10 14:11:32 Background workers: running checks...
2026/04/10 14:12:32 Background workers: running checks...
2026/04/10 14:13:32 Background workers: running checks...
2026/04/10 14:14:32 Background workers: running checks...
2026/04/10 14:15:32 Background workers: running checks...
2026/04/10 14:16:32 Background workers: running checks...
2026/04/10 14:17:32 Background workers: running checks...
2026/04/10 14:18:32 Background workers: running checks...
2026/04/10 14:19:32 Background workers: running checks...
2026/04/10 14:20:32 Background workers: running checks...
2026/04/10 14:21:32 Background workers: running checks...
2026/04/10 14:22:32 Background workers: running checks...
2026/04/10 14:23:32 Background workers: running checks...
2026/04/10 14:24:32 Background workers: running checks...
2026/04/10 14:25:32 Background workers: running checks...
2026/04/10 14:26:32 Background workers: running checks...
2026/04/10 14:27:32 Background workers: running checks...
2026/04/10 14:28:32 Background workers: running checks...
2026/04/10 14:29:32 Background workers: running checks...
2026/04/10 14:30:32 Background workers: running checks...
2026/04/10 14:31:32 Background workers: running checks...
2026/04/10 14:32:32 Background workers: running checks...
2026/04/10 14:33:32 Background workers: running checks...
2026/04/10 14:34:32 Background workers: running checks...
2026/04/10 14:35:32 Background workers: running checks...
2026/04/10 14:36:32 Background workers: running checks...
2026/04/10 14:37:32 Background workers: running checks...
2026/04/10 14:38:32 Background workers: running checks...
2026/04/10 14:39:32 Background workers: running checks...
2026/04/10 14:40:32 Background workers: running checks...
2026/04/10 14:41:32 Background workers: running checks...
2026/04/10 14:42:32 Background workers: running checks...
2026/04/10 14:43:32 Background workers: running checks...
2026/04/10 14:44:32 Background workers: running checks...
2026/04/10 14:45:32 Background workers: running checks...
2026/04/10 14:46:32 Background workers: running checks...
2026/04/10 14:47:32 Background workers: running checks...
2026/04/10 14:48:32 Background workers: running checks...
2026/04/10 14:49:32 Background workers: running checks...
2026/04/10 14:50:32 Background workers: running checks...
2026/04/10 14:51:32 Background workers: running checks...
2026/04/10 14:52:32 Background workers: running checks...
2026/04/10 14:53:32 Background workers: running checks...
2026/04/10 14:54:32 Background workers: running checks...
2026/04/10 14:55:32 Background workers: running checks...
2026/04/10 14:56:32 Background workers: running checks...
2026/04/10 14:57:32 Background workers: running checks...
2026/04/10 14:58:32 Background workers: running checks...
2026/04/10 14:59:32 Background workers: running checks...
2026/04/10 15:00:32 Background workers: running checks...
2026/04/10 15:01:32 Background workers: running checks...
2026/04/10 15:02:32 Background workers: running checks...
2026/04/10 15:03:32 Background workers: running checks...
[GIN] 2026/04/10 - 15:03:43 | 404 |    2.511167ms |             ::1 | GET      "/docs/openapi.json"
[GIN] 2026/04/10 - 15:03:44 | 404 |      22.125µs |             ::1 | GET      "/favicon.ico"
[GIN] 2026/04/10 - 15:04:21 | 404 |     909.125µs |             ::1 | GET      "/docs/openapi.json"
[GIN] 2026/04/10 - 15:04:22 | 404 |      25.458µs |             ::1 | GET      "/docs/openapi.json"
[GIN] 2026/04/10 - 15:04:22 | 404 |       4.542µs |             ::1 | GET      "/docs/openapi.json"
2026/04/10 15:04:32 Background workers: running checks...
[GIN] 2026/04/10 - 15:04:59 | 404 |    1.059584ms |             ::1 | GET      "/docs/openapi.json"
[GIN] 2026/04/10 - 15:05:00 | 404 |      15.875µs |             ::1 | GET      "/docs/openapi.json"
2026/04/10 15:05:32 Background workers: running checks...
2026/04/10 15:05:33 Shutting down server...
2026/04/10 15:05:33 Server exited
